  [1m[36m (65.9ms)[0m  [1mCREATE TABLE "schema_migrations" ("version" varchar NOT NULL) [0m
  [1m[35m (0.2ms)[0m  select sqlite_version(*)
  [1m[36m (78.2ms)[0m  [1mCREATE UNIQUE INDEX "unique_schema_migrations" ON "schema_migrations" ("version")[0m
  [1m[35mActiveRecord::SchemaMigration Load (0.2ms)[0m  SELECT "schema_migrations".* FROM "schema_migrations"
Migrating to DeviseCreateUsers (20151029085313)
  [1m[36m (0.2ms)[0m  [1mbegin transaction[0m
  [1m[35m (0.7ms)[0m  CREATE TABLE "users" ("id" INTEGER PRIMARY KEY AUTOINCREMENT NOT NULL, "email" varchar DEFAULT '' NOT NULL, "encrypted_password" varchar DEFAULT '' NOT NULL, "reset_password_token" varchar, "reset_password_sent_at" datetime, "remember_created_at" datetime, "sign_in_count" integer DEFAULT 0 NOT NULL, "current_sign_in_at" datetime, "last_sign_in_at" datetime, "current_sign_in_ip" varchar, "last_sign_in_ip" varchar, "created_at" datetime NOT NULL, "updated_at" datetime NOT NULL) 
  [1m[36m (0.4ms)[0m  [1mCREATE UNIQUE INDEX "index_users_on_email" ON "users" ("email")[0m
  [1m[35m (0.2ms)[0m              SELECT sql
            FROM sqlite_master
            WHERE name='index_users_on_email' AND type='index'
            UNION ALL
            SELECT sql
            FROM sqlite_temp_master
            WHERE name='index_users_on_email' AND type='index'

  [1m[36m (0.3ms)[0m  [1mCREATE UNIQUE INDEX "index_users_on_reset_password_token" ON "users" ("reset_password_token")[0m
  [1m[35mSQL (0.3ms)[0m  INSERT INTO "schema_migrations" ("version") VALUES (?)  [["version", "20151029085313"]]
  [1m[36m (60.5ms)[0m  [1mcommit transaction[0m
  [1m[35mActiveRecord::SchemaMigration Load (0.1ms)[0m  SELECT "schema_migrations".* FROM "schema_migrations"
  [1m[36m (0.2ms)[0m  [1m            SELECT sql
            FROM sqlite_master
            WHERE name='index_users_on_reset_password_token' AND type='index'
            UNION ALL
            SELECT sql
            FROM sqlite_temp_master
            WHERE name='index_users_on_reset_password_token' AND type='index'
[0m
  [1m[35m (0.1ms)[0m              SELECT sql
            FROM sqlite_master
            WHERE name='index_users_on_email' AND type='index'
            UNION ALL
            SELECT sql
            FROM sqlite_temp_master
            WHERE name='index_users_on_email' AND type='index'



Started GET "/upload_page" for ::1 at 2015-10-29 17:55:13 +0900
  [1m[36mActiveRecord::SchemaMigration Load (0.2ms)[0m  [1mSELECT "schema_migrations".* FROM "schema_migrations"[0m

ActionController::RoutingError (No route matches [GET] "/upload_page"):
  actionpack (4.2.4) lib/action_dispatch/middleware/debug_exceptions.rb:21:in `call'
  web-console (2.2.1) lib/web_console/middleware.rb:39:in `call'
  actionpack (4.2.4) lib/action_dispatch/middleware/show_exceptions.rb:30:in `call'
  railties (4.2.4) lib/rails/rack/logger.rb:38:in `call_app'
  railties (4.2.4) lib/rails/rack/logger.rb:20:in `block in call'
  activesupport (4.2.4) lib/active_support/tagged_logging.rb:68:in `block in tagged'
  activesupport (4.2.4) lib/active_support/tagged_logging.rb:26:in `tagged'
  activesupport (4.2.4) lib/active_support/tagged_logging.rb:68:in `tagged'
  railties (4.2.4) lib/rails/rack/logger.rb:20:in `call'
  actionpack (4.2.4) lib/action_dispatch/middleware/request_id.rb:21:in `call'
  rack (1.6.4) lib/rack/methodoverride.rb:22:in `call'
  rack (1.6.4) lib/rack/runtime.rb:18:in `call'
  activesupport (4.2.4) lib/active_support/cache/strategy/local_cache_middleware.rb:28:in `call'
  rack (1.6.4) lib/rack/lock.rb:17:in `call'
  actionpack (4.2.4) lib/action_dispatch/middleware/static.rb:116:in `call'
  rack (1.6.4) lib/rack/sendfile.rb:113:in `call'
  railties (4.2.4) lib/rails/engine.rb:518:in `call'
  railties (4.2.4) lib/rails/application.rb:165:in `call'
  rack (1.6.4) lib/rack/lock.rb:17:in `call'
  rack (1.6.4) lib/rack/content_length.rb:15:in `call'
  rack (1.6.4) lib/rack/handler/webrick.rb:88:in `service'
  /home/haruka/.rvm/rubies/ruby-2.2.1/lib/ruby/2.2.0/webrick/httpserver.rb:138:in `service'
  /home/haruka/.rvm/rubies/ruby-2.2.1/lib/ruby/2.2.0/webrick/httpserver.rb:94:in `run'
  /home/haruka/.rvm/rubies/ruby-2.2.1/lib/ruby/2.2.0/webrick/server.rb:294:in `block in start_thread'


  Rendered /home/haruka/.rvm/gems/ruby-2.2.1/gems/actionpack-4.2.4/lib/action_dispatch/middleware/templates/rescues/_trace.html.erb (2.4ms)
  Rendered /home/haruka/.rvm/gems/ruby-2.2.1/gems/actionpack-4.2.4/lib/action_dispatch/middleware/templates/routes/_route.html.erb (1.6ms)
  Rendered /home/haruka/.rvm/gems/ruby-2.2.1/gems/actionpack-4.2.4/lib/action_dispatch/middleware/templates/routes/_table.html.erb (7.5ms)
  Rendered /home/haruka/.rvm/gems/ruby-2.2.1/gems/actionpack-4.2.4/lib/action_dispatch/middleware/templates/rescues/_request_and_response.html.erb (13.2ms)
  Rendered /home/haruka/.rvm/gems/ruby-2.2.1/gems/actionpack-4.2.4/lib/action_dispatch/middleware/templates/rescues/routing_error.html.erb within rescues/layout (53.9ms)
  Rendered /home/haruka/.rvm/gems/ruby-2.2.1/gems/web-console-2.2.1/lib/web_console/templates/_markup.html.erb (0.4ms)
  Rendered /home/haruka/.rvm/gems/ruby-2.2.1/gems/web-console-2.2.1/lib/web_console/templates/_inner_console_markup.html.erb within layouts/inlined_string (0.6ms)
  Rendered /home/haruka/.rvm/gems/ruby-2.2.1/gems/web-console-2.2.1/lib/web_console/templates/_prompt_box_markup.html.erb within layouts/inlined_string (0.3ms)
  Rendered /home/haruka/.rvm/gems/ruby-2.2.1/gems/web-console-2.2.1/lib/web_console/templates/style.css.erb within layouts/inlined_string (0.3ms)
  Rendered /home/haruka/.rvm/gems/ruby-2.2.1/gems/web-console-2.2.1/lib/web_console/templates/console.js.erb within layouts/javascript (21.6ms)
  Rendered /home/haruka/.rvm/gems/ruby-2.2.1/gems/web-console-2.2.1/lib/web_console/templates/main.js.erb within layouts/javascript (1.0ms)
  Rendered /home/haruka/.rvm/gems/ruby-2.2.1/gems/web-console-2.2.1/lib/web_console/templates/error_page.js.erb within layouts/javascript (0.5ms)
  Rendered /home/haruka/.rvm/gems/ruby-2.2.1/gems/web-console-2.2.1/lib/web_console/templates/index.html.erb (43.8ms)


Started GET "/home/index" for ::1 at 2015-10-29 17:55:24 +0900
Processing by HomeController#index as HTML
  Rendered home/index.html.erb within layouts/application (0.9ms)
Completed 200 OK in 777ms (Views: 775.0ms | ActiveRecord: 0.0ms)


Started GET "/users/sign_up" for ::1 at 2015-10-29 17:56:51 +0900
Processing by Devise::RegistrationsController#new as HTML
  Rendered /home/haruka/.rvm/gems/ruby-2.2.1/gems/devise-3.5.2/app/views/devise/shared/_links.html.erb (2.5ms)
  Rendered /home/haruka/.rvm/gems/ruby-2.2.1/gems/devise-3.5.2/app/views/devise/registrations/new.html.erb within layouts/application (22.4ms)
Completed 200 OK in 63ms (Views: 50.2ms | ActiveRecord: 1.2ms)


Started GET "/users/sign_in" for ::1 at 2015-10-29 17:56:52 +0900
Processing by Devise::SessionsController#new as HTML
  Rendered /home/haruka/.rvm/gems/ruby-2.2.1/gems/devise-3.5.2/app/views/devise/shared/_links.html.erb (0.5ms)
  Rendered /home/haruka/.rvm/gems/ruby-2.2.1/gems/devise-3.5.2/app/views/devise/sessions/new.html.erb within layouts/application (5.4ms)
Completed 200 OK in 33ms (Views: 30.2ms | ActiveRecord: 0.0ms)


Started POST "/users/sign_in" for ::1 at 2015-10-29 17:56:55 +0900
Processing by Devise::SessionsController#create as HTML
  Parameters: {"utf8"=>"✓", "authenticity_token"=>"qCclDxarqohyguh2Gr15U70YfGhUS27QtcPlqxjZe+N5nv4xc1TYfi/4pcIIURCp6tkXJCwke036u5RX4svWvw==", "user"=>{"email"=>"sample@gmail.com", "password"=>"[FILTERED]", "remember_me"=>"0"}, "commit"=>"Log in"}
  [1m[35mUser Load (0.2ms)[0m  SELECT  "users".* FROM "users" WHERE "users"."email" = ?  ORDER BY "users"."id" ASC LIMIT 1  [["email", "sample@gmail.com"]]
Completed 401 Unauthorized in 40ms (ActiveRecord: 0.2ms)
Processing by Devise::SessionsController#new as HTML
  Parameters: {"utf8"=>"✓", "authenticity_token"=>"qCclDxarqohyguh2Gr15U70YfGhUS27QtcPlqxjZe+N5nv4xc1TYfi/4pcIIURCp6tkXJCwke036u5RX4svWvw==", "user"=>{"email"=>"sample@gmail.com", "password"=>"[FILTERED]", "remember_me"=>"0"}, "commit"=>"Log in"}
  Rendered /home/haruka/.rvm/gems/ruby-2.2.1/gems/devise-3.5.2/app/views/devise/shared/_links.html.erb (0.3ms)
  Rendered /home/haruka/.rvm/gems/ruby-2.2.1/gems/devise-3.5.2/app/views/devise/sessions/new.html.erb within layouts/application (2.7ms)
Completed 200 OK in 123ms (Views: 31.5ms | ActiveRecord: 0.0ms)


Started GET "/users/sign_up" for ::1 at 2015-10-29 17:56:56 +0900
Processing by Devise::RegistrationsController#new as HTML
  Rendered /home/haruka/.rvm/gems/ruby-2.2.1/gems/devise-3.5.2/app/views/devise/shared/_links.html.erb (0.3ms)
  Rendered /home/haruka/.rvm/gems/ruby-2.2.1/gems/devise-3.5.2/app/views/devise/registrations/new.html.erb within layouts/application (3.3ms)
Completed 200 OK in 42ms (Views: 40.8ms | ActiveRecord: 0.0ms)


Started POST "/users" for ::1 at 2015-10-29 17:57:05 +0900
Processing by Devise::RegistrationsController#create as HTML
  Parameters: {"utf8"=>"✓", "authenticity_token"=>"U++Jr8WO6QH+h5wPiPjDeeQ6XERY5xnUvNpGOkvhk3KCVlKRoHGb96P90buaFKqDs/s3CCCIDEnzojfGsfM+Lg==", "user"=>{"email"=>"sample@gmail.com", "password"=>"[FILTERED]", "password_confirmation"=>"[FILTERED]"}, "commit"=>"Sign up"}
  [1m[36m (0.2ms)[0m  [1mbegin transaction[0m
  [1m[35mUser Exists (0.2ms)[0m  SELECT  1 AS one FROM "users" WHERE "users"."email" = 'sample@gmail.com' LIMIT 1
  [1m[36mSQL (0.3ms)[0m  [1mINSERT INTO "users" ("email", "encrypted_password", "created_at", "updated_at") VALUES (?, ?, ?, ?)[0m  [["email", "sample@gmail.com"], ["encrypted_password", "$2a$10$7S4OoDSno7T0RToMe9VM6OtZR8ioIUDCvs0FcJtrzsfsjU3SR1Pdm"], ["created_at", "2015-10-29 08:57:05.329176"], ["updated_at", "2015-10-29 08:57:05.329176"]]
  [1m[35m (42.1ms)[0m  commit transaction
  [1m[36m (0.3ms)[0m  [1mbegin transaction[0m
  [1m[35mSQL (0.5ms)[0m  UPDATE "users" SET "last_sign_in_at" = ?, "current_sign_in_at" = ?, "last_sign_in_ip" = ?, "current_sign_in_ip" = ?, "sign_in_count" = ?, "updated_at" = ? WHERE "users"."id" = ?  [["last_sign_in_at", "2015-10-29 08:57:05.373865"], ["current_sign_in_at", "2015-10-29 08:57:05.373865"], ["last_sign_in_ip", "::1"], ["current_sign_in_ip", "::1"], ["sign_in_count", 1], ["updated_at", "2015-10-29 08:57:05.375868"], ["id", 1]]
  [1m[36m (23.5ms)[0m  [1mcommit transaction[0m
Redirected to http://localhost:3000/
Completed 302 Found in 179ms (ActiveRecord: 67.0ms)


Started GET "/" for ::1 at 2015-10-29 17:57:05 +0900
Processing by HomeController#index as HTML
  Rendered home/index.html.erb within layouts/application (0.0ms)
  [1m[35mUser Load (0.2ms)[0m  SELECT  "users".* FROM "users" WHERE "users"."id" = ?  ORDER BY "users"."id" ASC LIMIT 1  [["id", 1]]
Completed 200 OK in 31ms (Views: 30.2ms | ActiveRecord: 0.2ms)


Started GET "/users/edit" for ::1 at 2015-10-29 17:57:13 +0900
Processing by Devise::RegistrationsController#edit as HTML
  [1m[36mUser Load (0.2ms)[0m  [1mSELECT  "users".* FROM "users" WHERE "users"."id" = ?  ORDER BY "users"."id" ASC LIMIT 1[0m  [["id", 1]]
  Rendered /home/haruka/.rvm/gems/ruby-2.2.1/gems/devise-3.5.2/app/views/devise/registrations/edit.html.erb within layouts/application (4.2ms)
Completed 200 OK in 36ms (Views: 33.9ms | ActiveRecord: 0.2ms)


Started GET "/users/edit" for ::1 at 2015-10-29 17:57:21 +0900
Processing by Devise::RegistrationsController#edit as HTML
  [1m[35mUser Load (0.1ms)[0m  SELECT  "users".* FROM "users" WHERE "users"."id" = ?  ORDER BY "users"."id" ASC LIMIT 1  [["id", 1]]
  Rendered /home/haruka/.rvm/gems/ruby-2.2.1/gems/devise-3.5.2/app/views/devise/registrations/edit.html.erb within layouts/application (2.8ms)
Completed 200 OK in 42ms (Views: 39.8ms | ActiveRecord: 0.1ms)


Started GET "/users/edit" for ::1 at 2015-10-29 17:57:22 +0900
Processing by Devise::RegistrationsController#edit as HTML
  [1m[36mUser Load (0.1ms)[0m  [1mSELECT  "users".* FROM "users" WHERE "users"."id" = ?  ORDER BY "users"."id" ASC LIMIT 1[0m  [["id", 1]]
  Rendered /home/haruka/.rvm/gems/ruby-2.2.1/gems/devise-3.5.2/app/views/devise/registrations/edit.html.erb within layouts/application (3.5ms)
Completed 200 OK in 34ms (Views: 31.9ms | ActiveRecord: 0.1ms)


Started GET "/users/edit" for ::1 at 2015-10-29 17:57:23 +0900
Processing by Devise::RegistrationsController#edit as HTML
  [1m[35mUser Load (0.2ms)[0m  SELECT  "users".* FROM "users" WHERE "users"."id" = ?  ORDER BY "users"."id" ASC LIMIT 1  [["id", 1]]
  Rendered /home/haruka/.rvm/gems/ruby-2.2.1/gems/devise-3.5.2/app/views/devise/registrations/edit.html.erb within layouts/application (2.5ms)
Completed 200 OK in 30ms (Views: 27.7ms | ActiveRecord: 0.2ms)
  [1m[36mActiveRecord::SchemaMigration Load (0.1ms)[0m  [1mSELECT "schema_migrations".* FROM "schema_migrations"[0m
Migrating to CreateItems (20151029085812)
  [1m[35m (0.1ms)[0m  begin transaction
  [1m[36m (0.1ms)[0m  [1mrollback transaction[0m
  [1m[36mActiveRecord::SchemaMigration Load (0.1ms)[0m  [1mSELECT "schema_migrations".* FROM "schema_migrations"[0m
Migrating to CreateItems (20151029085812)
  [1m[35m (0.1ms)[0m  begin transaction
  [1m[36m (0.3ms)[0m  [1mCREATE TABLE "items" ("id" INTEGER PRIMARY KEY AUTOINCREMENT NOT NULL, "i_name" varchar NOT NULL, "category" varchar, "e_key" text NOT NULL, "pic_data" blob(10485760), "pos_x" integer, "pos_y" integer, "f_name" varchar NOT NULL, "f_id" text NOT NULL, "f_date" datetime, "created_at" datetime NOT NULL, "updated_at" datetime NOT NULL) [0m
  [1m[35mSQL (0.2ms)[0m  INSERT INTO "schema_migrations" ("version") VALUES (?)  [["version", "20151029085812"]]
  [1m[36m (63.9ms)[0m  [1mcommit transaction[0m
  [1m[35mActiveRecord::SchemaMigration Load (0.2ms)[0m  SELECT "schema_migrations".* FROM "schema_migrations"
  [1m[36m (0.3ms)[0m  [1m            SELECT sql
            FROM sqlite_master
            WHERE name='index_users_on_reset_password_token' AND type='index'
            UNION ALL
            SELECT sql
            FROM sqlite_temp_master
            WHERE name='index_users_on_reset_password_token' AND type='index'
[0m
  [1m[35m (0.2ms)[0m              SELECT sql
            FROM sqlite_master
            WHERE name='index_users_on_email' AND type='index'
            UNION ALL
            SELECT sql
            FROM sqlite_temp_master
            WHERE name='index_users_on_email' AND type='index'



Started GET "/upload_page" for ::1 at 2015-10-29 18:17:36 +0900
  [1m[36mActiveRecord::SchemaMigration Load (0.2ms)[0m  [1mSELECT "schema_migrations".* FROM "schema_migrations"[0m

ActionController::RoutingError (No route matches [GET] "/upload_page"):
  actionpack (4.2.4) lib/action_dispatch/middleware/debug_exceptions.rb:21:in `call'
  web-console (2.2.1) lib/web_console/middleware.rb:39:in `call'
  actionpack (4.2.4) lib/action_dispatch/middleware/show_exceptions.rb:30:in `call'
  railties (4.2.4) lib/rails/rack/logger.rb:38:in `call_app'
  railties (4.2.4) lib/rails/rack/logger.rb:20:in `block in call'
  activesupport (4.2.4) lib/active_support/tagged_logging.rb:68:in `block in tagged'
  activesupport (4.2.4) lib/active_support/tagged_logging.rb:26:in `tagged'
  activesupport (4.2.4) lib/active_support/tagged_logging.rb:68:in `tagged'
  railties (4.2.4) lib/rails/rack/logger.rb:20:in `call'
  actionpack (4.2.4) lib/action_dispatch/middleware/request_id.rb:21:in `call'
  rack (1.6.4) lib/rack/methodoverride.rb:22:in `call'
  rack (1.6.4) lib/rack/runtime.rb:18:in `call'
  activesupport (4.2.4) lib/active_support/cache/strategy/local_cache_middleware.rb:28:in `call'
  rack (1.6.4) lib/rack/lock.rb:17:in `call'
  actionpack (4.2.4) lib/action_dispatch/middleware/static.rb:116:in `call'
  rack (1.6.4) lib/rack/sendfile.rb:113:in `call'
  railties (4.2.4) lib/rails/engine.rb:518:in `call'
  railties (4.2.4) lib/rails/application.rb:165:in `call'
  rack (1.6.4) lib/rack/lock.rb:17:in `call'
  rack (1.6.4) lib/rack/content_length.rb:15:in `call'
  rack (1.6.4) lib/rack/handler/webrick.rb:88:in `service'
  /home/haruka/.rvm/rubies/ruby-2.2.1/lib/ruby/2.2.0/webrick/httpserver.rb:138:in `service'
  /home/haruka/.rvm/rubies/ruby-2.2.1/lib/ruby/2.2.0/webrick/httpserver.rb:94:in `run'
  /home/haruka/.rvm/rubies/ruby-2.2.1/lib/ruby/2.2.0/webrick/server.rb:294:in `block in start_thread'


  Rendered /home/haruka/.rvm/gems/ruby-2.2.1/gems/actionpack-4.2.4/lib/action_dispatch/middleware/templates/rescues/_trace.html.erb (1.7ms)
  Rendered /home/haruka/.rvm/gems/ruby-2.2.1/gems/actionpack-4.2.4/lib/action_dispatch/middleware/templates/routes/_route.html.erb (1.9ms)
  Rendered /home/haruka/.rvm/gems/ruby-2.2.1/gems/actionpack-4.2.4/lib/action_dispatch/middleware/templates/routes/_table.html.erb (1.2ms)
  Rendered /home/haruka/.rvm/gems/ruby-2.2.1/gems/actionpack-4.2.4/lib/action_dispatch/middleware/templates/rescues/_request_and_response.html.erb (1.2ms)
  Rendered /home/haruka/.rvm/gems/ruby-2.2.1/gems/actionpack-4.2.4/lib/action_dispatch/middleware/templates/rescues/routing_error.html.erb within rescues/layout (33.4ms)
  Rendered /home/haruka/.rvm/gems/ruby-2.2.1/gems/web-console-2.2.1/lib/web_console/templates/_markup.html.erb (0.6ms)
  Rendered /home/haruka/.rvm/gems/ruby-2.2.1/gems/web-console-2.2.1/lib/web_console/templates/_inner_console_markup.html.erb within layouts/inlined_string (0.3ms)
  Rendered /home/haruka/.rvm/gems/ruby-2.2.1/gems/web-console-2.2.1/lib/web_console/templates/_prompt_box_markup.html.erb within layouts/inlined_string (0.3ms)
  Rendered /home/haruka/.rvm/gems/ruby-2.2.1/gems/web-console-2.2.1/lib/web_console/templates/style.css.erb within layouts/inlined_string (0.3ms)
  Rendered /home/haruka/.rvm/gems/ruby-2.2.1/gems/web-console-2.2.1/lib/web_console/templates/console.js.erb within layouts/javascript (16.0ms)
  Rendered /home/haruka/.rvm/gems/ruby-2.2.1/gems/web-console-2.2.1/lib/web_console/templates/main.js.erb within layouts/javascript (0.2ms)
  Rendered /home/haruka/.rvm/gems/ruby-2.2.1/gems/web-console-2.2.1/lib/web_console/templates/error_page.js.erb within layouts/javascript (0.7ms)
  Rendered /home/haruka/.rvm/gems/ruby-2.2.1/gems/web-console-2.2.1/lib/web_console/templates/index.html.erb (33.6ms)


Started GET "/upload_page" for ::1 at 2015-10-29 18:20:29 +0900

SyntaxError (/home/haruka/Work/MIMS2/app/controllers/up_on_browser_controller.rb:13: syntax error, unexpected ']', expecting tSTRING_CONTENT or tSTRING_DBEG or tSTRING_DVAR or tSTRING_END):
  app/controllers/up_on_browser_controller.rb:13: syntax error, unexpected ']', expecting tSTRING_CONTENT or tSTRING_DBEG or tSTRING_DVAR or tSTRING_END


  Rendered /home/haruka/.rvm/gems/ruby-2.2.1/gems/actionpack-4.2.4/lib/action_dispatch/middleware/templates/rescues/_source.erb (4.5ms)
  Rendered /home/haruka/.rvm/gems/ruby-2.2.1/gems/actionpack-4.2.4/lib/action_dispatch/middleware/templates/rescues/_trace.html.erb (2.8ms)
  Rendered /home/haruka/.rvm/gems/ruby-2.2.1/gems/actionpack-4.2.4/lib/action_dispatch/middleware/templates/rescues/_request_and_response.html.erb (1.4ms)
  Rendered /home/haruka/.rvm/gems/ruby-2.2.1/gems/actionpack-4.2.4/lib/action_dispatch/middleware/templates/rescues/diagnostics.html.erb within rescues/layout (22.4ms)
  Rendered /home/haruka/.rvm/gems/ruby-2.2.1/gems/web-console-2.2.1/lib/web_console/templates/_markup.html.erb (0.3ms)
  Rendered /home/haruka/.rvm/gems/ruby-2.2.1/gems/web-console-2.2.1/lib/web_console/templates/_inner_console_markup.html.erb within layouts/inlined_string (0.3ms)
  Rendered /home/haruka/.rvm/gems/ruby-2.2.1/gems/web-console-2.2.1/lib/web_console/templates/_prompt_box_markup.html.erb within layouts/inlined_string (0.4ms)
  Rendered /home/haruka/.rvm/gems/ruby-2.2.1/gems/web-console-2.2.1/lib/web_console/templates/style.css.erb within layouts/inlined_string (0.4ms)
  Rendered /home/haruka/.rvm/gems/ruby-2.2.1/gems/web-console-2.2.1/lib/web_console/templates/console.js.erb within layouts/javascript (16.2ms)
  Rendered /home/haruka/.rvm/gems/ruby-2.2.1/gems/web-console-2.2.1/lib/web_console/templates/main.js.erb within layouts/javascript (0.2ms)
  Rendered /home/haruka/.rvm/gems/ruby-2.2.1/gems/web-console-2.2.1/lib/web_console/templates/error_page.js.erb within layouts/javascript (0.6ms)
  Rendered /home/haruka/.rvm/gems/ruby-2.2.1/gems/web-console-2.2.1/lib/web_console/templates/index.html.erb (33.0ms)


Started GET "/upload_page" for ::1 at 2015-10-29 18:23:45 +0900
Processing by UpOnBrowserController#upload_page as HTML
  Rendered up_on_browser/upload_page.html.erb within layouts/application (4.7ms)
  [1m[35mUser Load (0.1ms)[0m  SELECT  "users".* FROM "users" WHERE "users"."id" = ?  ORDER BY "users"."id" ASC LIMIT 1  [["id", 1]]
Completed 200 OK in 165ms (Views: 148.7ms | ActiveRecord: 1.3ms)


Started GET "/assets/up_on_browser.self-e3b0c44298fc1c149afbf4c8996fb92427ae41e4649b934ca495991b7852b855.css?body=1" for ::1 at 2015-10-29 18:23:45 +0900


Started GET "/assets/home.self-e3b0c44298fc1c149afbf4c8996fb92427ae41e4649b934ca495991b7852b855.css?body=1" for ::1 at 2015-10-29 18:23:45 +0900


Started GET "/assets/jquery.self-a714331225dda820228db323939889f149aec0127aeb06255646b616ba1ca419.js?body=1" for ::1 at 2015-10-29 18:23:45 +0900


Started GET "/assets/application.self-e80e8f2318043e8af94dddc2adad5a4f09739a8ebb323b3ab31cd71d45fd9113.css?body=1" for ::1 at 2015-10-29 18:23:45 +0900


Started GET "/assets/jquery_ujs.self-d456baa54c1fa6be2ec3711f0a72ddf7a5b2f34a6b4f515f33767d6207b7d4b3.js?body=1" for ::1 at 2015-10-29 18:23:45 +0900


Started GET "/assets/turbolinks.self-c37727e9bd6b2735da5c311aa83fead54ed0be6cc8bd9a65309e9c5abe2cbfff.js?body=1" for ::1 at 2015-10-29 18:23:45 +0900


Started GET "/assets/home.self-877aef30ae1b040ab8a3aba4e3e309a11d7f2612f44dde450b5c157aa5f95c05.js?body=1" for ::1 at 2015-10-29 18:23:45 +0900


Started GET "/assets/up_on_browser.self-877aef30ae1b040ab8a3aba4e3e309a11d7f2612f44dde450b5c157aa5f95c05.js?body=1" for ::1 at 2015-10-29 18:23:45 +0900


Started GET "/assets/application.self-3b8dabdc891efe46b9a144b400ad69e37d7e5876bdc39dee783419a69d7ca819.js?body=1" for ::1 at 2015-10-29 18:23:45 +0900


Started GET "/upload_page" for ::1 at 2015-10-29 18:23:45 +0900
Processing by UpOnBrowserController#upload_page as HTML
  Rendered up_on_browser/upload_page.html.erb within layouts/application (1.3ms)
  [1m[36mUser Load (0.1ms)[0m  [1mSELECT  "users".* FROM "users" WHERE "users"."id" = ?  ORDER BY "users"."id" ASC LIMIT 1[0m  [["id", 1]]
Completed 200 OK in 39ms (Views: 37.9ms | ActiveRecord: 0.1ms)


Started GET "/assets/home.self-e3b0c44298fc1c149afbf4c8996fb92427ae41e4649b934ca495991b7852b855.css?body=1" for ::1 at 2015-10-29 18:23:45 +0900


Started GET "/assets/up_on_browser.self-e3b0c44298fc1c149afbf4c8996fb92427ae41e4649b934ca495991b7852b855.css?body=1" for ::1 at 2015-10-29 18:23:45 +0900


Started GET "/assets/application.self-e80e8f2318043e8af94dddc2adad5a4f09739a8ebb323b3ab31cd71d45fd9113.css?body=1" for ::1 at 2015-10-29 18:23:45 +0900


Started GET "/assets/jquery.self-a714331225dda820228db323939889f149aec0127aeb06255646b616ba1ca419.js?body=1" for ::1 at 2015-10-29 18:23:45 +0900


Started GET "/assets/jquery_ujs.self-d456baa54c1fa6be2ec3711f0a72ddf7a5b2f34a6b4f515f33767d6207b7d4b3.js?body=1" for ::1 at 2015-10-29 18:23:45 +0900


Started GET "/assets/turbolinks.self-c37727e9bd6b2735da5c311aa83fead54ed0be6cc8bd9a65309e9c5abe2cbfff.js?body=1" for ::1 at 2015-10-29 18:23:45 +0900


Started GET "/assets/home.self-877aef30ae1b040ab8a3aba4e3e309a11d7f2612f44dde450b5c157aa5f95c05.js?body=1" for ::1 at 2015-10-29 18:23:45 +0900


Started GET "/assets/application.self-3b8dabdc891efe46b9a144b400ad69e37d7e5876bdc39dee783419a69d7ca819.js?body=1" for ::1 at 2015-10-29 18:23:45 +0900


Started GET "/assets/up_on_browser.self-877aef30ae1b040ab8a3aba4e3e309a11d7f2612f44dde450b5c157aa5f95c05.js?body=1" for ::1 at 2015-10-29 18:23:45 +0900


Started POST "/create" for ::1 at 2015-10-29 18:24:11 +0900
Processing by UpOnBrowserController#create as HTML
  Parameters: {"utf8"=>"✓", "authenticity_token"=>"a9MFbMI+eXpeGI9psdY7doIXInYuuCXDKM202say43e6at5Sp8ELjANiwt2jOlKM1dZJOlbXMF5ntcUmPKBOKw==", "item"=>{"i_name"=>"God", "category"=>"God", "e_key"=>"sample", "pic_data"=>#<ActionDispatch::Http::UploadedFile:0x007fd2eebd5060 @tempfile=#<Tempfile:/tmp/RackMultipart20151029-24753-9leoz5.jpg>, @original_filename="15e7fbc5cb2a3322fecfc11894dfd0c9.jpg", @content_type="image/jpeg", @headers="Content-Disposition: form-data; name=\"item[pic_data]\"; filename=\"15e7fbc5cb2a3322fecfc11894dfd0c9.jpg\"\r\nContent-Type: image/jpeg\r\n">}, "commit"=>"登録する"}
  [1m[35mUser Load (0.2ms)[0m  SELECT  "users".* FROM "users" WHERE "users"."id" = ?  ORDER BY "users"."id" ASC LIMIT 1  [["id", 1]]
  [1m[36m (0.1ms)[0m  [1mbegin transaction[0m
  [1m[35mSQL (1.2ms)[0m  INSERT INTO "items" ("i_name", "category", "e_key", "f_name", "created_at", "updated_at") VALUES (?, ?, ?, ?, ?, ?)  [["i_name", "God"], ["category", "God"], ["e_key", "#<ActionDispatch::Http::UploadedFile:0x007fd2eebd5060>"], ["f_name", "#<User:0x007fd2eec3d1d8>"], ["created_at", "2015-10-29 09:24:11.253012"], ["updated_at", "2015-10-29 09:24:11.253012"]]
SQLite3::ConstraintException: NOT NULL constraint failed: items.f_id: INSERT INTO "items" ("i_name", "category", "e_key", "f_name", "created_at", "updated_at") VALUES (?, ?, ?, ?, ?, ?)
  [1m[36m (0.1ms)[0m  [1mrollback transaction[0m
Completed 500 Internal Server Error in 6ms (ActiveRecord: 1.5ms)

ActiveRecord::StatementInvalid (SQLite3::ConstraintException: NOT NULL constraint failed: items.f_id: INSERT INTO "items" ("i_name", "category", "e_key", "f_name", "created_at", "updated_at") VALUES (?, ?, ?, ?, ?, ?)):
  app/controllers/up_on_browser_controller.rb:14:in `create'


  Rendered /home/haruka/.rvm/gems/ruby-2.2.1/gems/actionpack-4.2.4/lib/action_dispatch/middleware/templates/rescues/_source.erb (7.5ms)
  Rendered /home/haruka/.rvm/gems/ruby-2.2.1/gems/actionpack-4.2.4/lib/action_dispatch/middleware/templates/rescues/_trace.html.erb (4.3ms)
  Rendered /home/haruka/.rvm/gems/ruby-2.2.1/gems/actionpack-4.2.4/lib/action_dispatch/middleware/templates/rescues/_request_and_response.html.erb (1.3ms)
  Rendered /home/haruka/.rvm/gems/ruby-2.2.1/gems/actionpack-4.2.4/lib/action_dispatch/middleware/templates/rescues/diagnostics.html.erb within rescues/layout (26.4ms)
Cannot render console with content type multipart/form-dataAllowed content types: [#<Mime::Type:0x000000042ef488 @synonyms=["application/xhtml+xml"], @symbol=:html, @string="text/html">, #<Mime::Type:0x000000042ef1b8 @synonyms=[], @symbol=:text, @string="text/plain">, #<Mime::Type:0x000000042ec120 @synonyms=[], @symbol=:url_encoded_form, @string="application/x-www-form-urlencoded">]


Started POST "/create" for ::1 at 2015-10-29 18:25:40 +0900
Processing by UpOnBrowserController#create as HTML
  Parameters: {"utf8"=>"✓", "authenticity_token"=>"a9MFbMI+eXpeGI9psdY7doIXInYuuCXDKM202say43e6at5Sp8ELjANiwt2jOlKM1dZJOlbXMF5ntcUmPKBOKw==", "item"=>{"i_name"=>"God", "category"=>"God", "e_key"=>"sample", "pic_data"=>#<ActionDispatch::Http::UploadedFile:0x007fd2ecd35330 @tempfile=#<Tempfile:/tmp/RackMultipart20151029-24753-6cc6hc.jpg>, @original_filename="15e7fbc5cb2a3322fecfc11894dfd0c9.jpg", @content_type="image/jpeg", @headers="Content-Disposition: form-data; name=\"item[pic_data]\"; filename=\"15e7fbc5cb2a3322fecfc11894dfd0c9.jpg\"\r\nContent-Type: image/jpeg\r\n">}, "commit"=>"登録する"}
  [1m[35mUser Load (0.2ms)[0m  SELECT  "users".* FROM "users" WHERE "users"."id" = ?  ORDER BY "users"."id" ASC LIMIT 1  [["id", 1]]
  [1m[36m (0.1ms)[0m  [1mbegin transaction[0m
  [1m[35mSQL (0.3ms)[0m  INSERT INTO "items" ("i_name", "category", "e_key", "f_name", "f_id", "created_at", "updated_at") VALUES (?, ?, ?, ?, ?, ?, ?)  [["i_name", "God"], ["category", "God"], ["e_key", "#<ActionDispatch::Http::UploadedFile:0x007fd2ecd35330>"], ["f_name", "#<User:0x007fd2ec880060>"], ["f_id", "1"], ["created_at", "2015-10-29 09:25:40.416343"], ["updated_at", "2015-10-29 09:25:40.416343"]]
  [1m[36m (43.3ms)[0m  [1mcommit transaction[0m
Completed 500 Internal Server Error in 77ms (ActiveRecord: 44.8ms)

NameError (undefined local variable or method `iparams' for #<UpOnBrowserController:0x007fd2ecd46ef0>):
  app/controllers/up_on_browser_controller.rb:16:in `create'


  Rendered /home/haruka/.rvm/gems/ruby-2.2.1/gems/actionpack-4.2.4/lib/action_dispatch/middleware/templates/rescues/_source.erb (6.1ms)
  Rendered /home/haruka/.rvm/gems/ruby-2.2.1/gems/actionpack-4.2.4/lib/action_dispatch/middleware/templates/rescues/_trace.html.erb (2.4ms)
  Rendered /home/haruka/.rvm/gems/ruby-2.2.1/gems/actionpack-4.2.4/lib/action_dispatch/middleware/templates/rescues/_request_and_response.html.erb (1.3ms)
  Rendered /home/haruka/.rvm/gems/ruby-2.2.1/gems/actionpack-4.2.4/lib/action_dispatch/middleware/templates/rescues/diagnostics.html.erb within rescues/layout (39.5ms)
Cannot render console with content type multipart/form-dataAllowed content types: [#<Mime::Type:0x000000042ef488 @synonyms=["application/xhtml+xml"], @symbol=:html, @string="text/html">, #<Mime::Type:0x000000042ef1b8 @synonyms=[], @symbol=:text, @string="text/plain">, #<Mime::Type:0x000000042ec120 @synonyms=[], @symbol=:url_encoded_form, @string="application/x-www-form-urlencoded">]


Started POST "/create" for ::1 at 2015-10-29 18:26:09 +0900
Processing by UpOnBrowserController#create as HTML
  Parameters: {"utf8"=>"✓", "authenticity_token"=>"a9MFbMI+eXpeGI9psdY7doIXInYuuCXDKM202say43e6at5Sp8ELjANiwt2jOlKM1dZJOlbXMF5ntcUmPKBOKw==", "item"=>{"i_name"=>"God", "category"=>"God", "e_key"=>"sample", "pic_data"=>#<ActionDispatch::Http::UploadedFile:0x007fd2eeedeef0 @tempfile=#<Tempfile:/tmp/RackMultipart20151029-24753-18ij0gx.jpg>, @original_filename="15e7fbc5cb2a3322fecfc11894dfd0c9.jpg", @content_type="image/jpeg", @headers="Content-Disposition: form-data; name=\"item[pic_data]\"; filename=\"15e7fbc5cb2a3322fecfc11894dfd0c9.jpg\"\r\nContent-Type: image/jpeg\r\n">}, "commit"=>"登録する"}
  [1m[35mUser Load (0.4ms)[0m  SELECT  "users".* FROM "users" WHERE "users"."id" = ?  ORDER BY "users"."id" ASC LIMIT 1  [["id", 1]]
  [1m[36m (0.2ms)[0m  [1mbegin transaction[0m
  [1m[35mSQL (0.3ms)[0m  INSERT INTO "items" ("i_name", "category", "e_key", "f_name", "f_id", "created_at", "updated_at") VALUES (?, ?, ?, ?, ?, ?, ?)  [["i_name", "God"], ["category", "God"], ["e_key", "#<ActionDispatch::Http::UploadedFile:0x007fd2eeedeef0>"], ["f_name", "#<User:0x007fd2eed58108>"], ["f_id", "1"], ["created_at", "2015-10-29 09:26:09.459322"], ["updated_at", "2015-10-29 09:26:09.459322"]]
  [1m[36m (42.5ms)[0m  [1mcommit transaction[0m
  Rendered text template (0.0ms)
Completed 200 OK in 76ms (Views: 1.7ms | ActiveRecord: 45.0ms)


Started GET "/" for ::1 at 2015-10-29 19:26:54 +0900
  [1m[36mActiveRecord::SchemaMigration Load (0.2ms)[0m  [1mSELECT "schema_migrations".* FROM "schema_migrations"[0m
Processing by HomeController#index as HTML
  Rendered home/index.html.erb within layouts/application (1.8ms)
  [1m[35mUser Load (0.2ms)[0m  SELECT  "users".* FROM "users" WHERE "users"."id" = ?  ORDER BY "users"."id" ASC LIMIT 1  [["id", 1]]
Completed 200 OK in 360ms (Views: 346.1ms | ActiveRecord: 0.6ms)


Started GET "/home/show" for ::1 at 2015-10-29 19:26:56 +0900
Processing by HomeController#show as HTML
  Rendered home/show.html.erb within layouts/application (3.6ms)
Completed 500 Internal Server Error in 6ms (ActiveRecord: 0.0ms)

ActionView::Template::Error (undefined method `each' for nil:NilClass):
     9:     <th>Image</th>
    10:     <th>Nick Name</th>
    11:   </tr>
    12:   <% @item.each do |i| %>
    13:     <tr>
    14:       <td>
    15:         <%= i.name %>
  app/views/home/show.html.erb:12:in `_app_views_home_show_html_erb___3980033787525870802_32353280'


  Rendered /home/haruka/.rvm/gems/ruby-2.2.1/gems/actionpack-4.2.4/lib/action_dispatch/middleware/templates/rescues/_source.erb (7.1ms)
  Rendered /home/haruka/.rvm/gems/ruby-2.2.1/gems/actionpack-4.2.4/lib/action_dispatch/middleware/templates/rescues/_trace.html.erb (3.9ms)
  Rendered /home/haruka/.rvm/gems/ruby-2.2.1/gems/actionpack-4.2.4/lib/action_dispatch/middleware/templates/rescues/_request_and_response.html.erb (1.0ms)
  Rendered /home/haruka/.rvm/gems/ruby-2.2.1/gems/actionpack-4.2.4/lib/action_dispatch/middleware/templates/rescues/template_error.html.erb within rescues/layout (26.6ms)
  Rendered /home/haruka/.rvm/gems/ruby-2.2.1/gems/web-console-2.2.1/lib/web_console/templates/_markup.html.erb (0.4ms)
  Rendered /home/haruka/.rvm/gems/ruby-2.2.1/gems/web-console-2.2.1/lib/web_console/templates/_inner_console_markup.html.erb within layouts/inlined_string (0.3ms)
  Rendered /home/haruka/.rvm/gems/ruby-2.2.1/gems/web-console-2.2.1/lib/web_console/templates/_prompt_box_markup.html.erb within layouts/inlined_string (0.4ms)
  Rendered /home/haruka/.rvm/gems/ruby-2.2.1/gems/web-console-2.2.1/lib/web_console/templates/style.css.erb within layouts/inlined_string (0.3ms)
  Rendered /home/haruka/.rvm/gems/ruby-2.2.1/gems/web-console-2.2.1/lib/web_console/templates/console.js.erb within layouts/javascript (16.7ms)
  Rendered /home/haruka/.rvm/gems/ruby-2.2.1/gems/web-console-2.2.1/lib/web_console/templates/main.js.erb within layouts/javascript (0.2ms)
  Rendered /home/haruka/.rvm/gems/ruby-2.2.1/gems/web-console-2.2.1/lib/web_console/templates/error_page.js.erb within layouts/javascript (0.4ms)
  Rendered /home/haruka/.rvm/gems/ruby-2.2.1/gems/web-console-2.2.1/lib/web_console/templates/index.html.erb (35.1ms)


Started GET "/home/show" for ::1 at 2015-10-30 02:00:41 +0900
  [1m[36mActiveRecord::SchemaMigration Load (0.1ms)[0m  [1mSELECT "schema_migrations".* FROM "schema_migrations"[0m
Processing by HomeController#show as HTML
  [1m[35mItem Load (0.2ms)[0m  SELECT "items".* FROM "items"
  Rendered home/show.html.erb within layouts/application (18.2ms)
Completed 500 Internal Server Error in 39ms (ActiveRecord: 0.6ms)

ActionView::Template::Error (undefined method `name' for #<Item:0x00000003e41a30>):
    12:   <% @item.each do |i| %>
    13:     <tr>
    14:       <td>
    15:         <%= i.name %>
    16:       </td>
    17:       <td>
    18:         <%= i.price %>
  app/views/home/show.html.erb:15:in `block in _app_views_home_show_html_erb___1343041341060970811_43339460'
  app/views/home/show.html.erb:12:in `_app_views_home_show_html_erb___1343041341060970811_43339460'


  Rendered /home/haruka/.rvm/gems/ruby-2.2.1/gems/actionpack-4.2.4/lib/action_dispatch/middleware/templates/rescues/_source.erb (8.7ms)
  Rendered /home/haruka/.rvm/gems/ruby-2.2.1/gems/actionpack-4.2.4/lib/action_dispatch/middleware/templates/rescues/_trace.html.erb (3.0ms)
  Rendered /home/haruka/.rvm/gems/ruby-2.2.1/gems/actionpack-4.2.4/lib/action_dispatch/middleware/templates/rescues/_request_and_response.html.erb (1.1ms)
  Rendered /home/haruka/.rvm/gems/ruby-2.2.1/gems/actionpack-4.2.4/lib/action_dispatch/middleware/templates/rescues/template_error.html.erb within rescues/layout (28.4ms)
  Rendered /home/haruka/.rvm/gems/ruby-2.2.1/gems/web-console-2.2.1/lib/web_console/templates/_markup.html.erb (0.4ms)
  Rendered /home/haruka/.rvm/gems/ruby-2.2.1/gems/web-console-2.2.1/lib/web_console/templates/_inner_console_markup.html.erb within layouts/inlined_string (0.3ms)
  Rendered /home/haruka/.rvm/gems/ruby-2.2.1/gems/web-console-2.2.1/lib/web_console/templates/_prompt_box_markup.html.erb within layouts/inlined_string (0.2ms)
  Rendered /home/haruka/.rvm/gems/ruby-2.2.1/gems/web-console-2.2.1/lib/web_console/templates/style.css.erb within layouts/inlined_string (0.4ms)
  Rendered /home/haruka/.rvm/gems/ruby-2.2.1/gems/web-console-2.2.1/lib/web_console/templates/console.js.erb within layouts/javascript (18.9ms)
  Rendered /home/haruka/.rvm/gems/ruby-2.2.1/gems/web-console-2.2.1/lib/web_console/templates/main.js.erb within layouts/javascript (0.3ms)
  Rendered /home/haruka/.rvm/gems/ruby-2.2.1/gems/web-console-2.2.1/lib/web_console/templates/error_page.js.erb within layouts/javascript (0.6ms)
  Rendered /home/haruka/.rvm/gems/ruby-2.2.1/gems/web-console-2.2.1/lib/web_console/templates/index.html.erb (42.5ms)


Started GET "/home/show" for ::1 at 2015-10-30 02:02:56 +0900
Processing by HomeController#show as HTML
  [1m[36mItem Load (0.3ms)[0m  [1mSELECT "items".* FROM "items"[0m
  Rendered home/show.html.erb within layouts/application (5.9ms)
  [1m[35mUser Load (0.2ms)[0m  SELECT  "users".* FROM "users" WHERE "users"."id" = ?  ORDER BY "users"."id" ASC LIMIT 1  [["id", 1]]
Completed 200 OK in 249ms (Views: 247.4ms | ActiveRecord: 1.0ms)


Started GET "/assets/application.self-e80e8f2318043e8af94dddc2adad5a4f09739a8ebb323b3ab31cd71d45fd9113.css?body=1" for ::1 at 2015-10-30 02:02:56 +0900


Started GET "/assets/up_on_browser.self-e3b0c44298fc1c149afbf4c8996fb92427ae41e4649b934ca495991b7852b855.css?body=1" for ::1 at 2015-10-30 02:02:56 +0900


Started GET "/assets/home.self-e3b0c44298fc1c149afbf4c8996fb92427ae41e4649b934ca495991b7852b855.css?body=1" for ::1 at 2015-10-30 02:02:56 +0900


Started GET "/assets/jquery.self-a714331225dda820228db323939889f149aec0127aeb06255646b616ba1ca419.js?body=1" for ::1 at 2015-10-30 02:02:56 +0900


Started GET "/assets/application.self-3b8dabdc891efe46b9a144b400ad69e37d7e5876bdc39dee783419a69d7ca819.js?body=1" for ::1 at 2015-10-30 02:02:56 +0900


Started GET "/assets/jquery_ujs.self-d456baa54c1fa6be2ec3711f0a72ddf7a5b2f34a6b4f515f33767d6207b7d4b3.js?body=1" for ::1 at 2015-10-30 02:02:56 +0900


Started GET "/assets/up_on_browser.self-877aef30ae1b040ab8a3aba4e3e309a11d7f2612f44dde450b5c157aa5f95c05.js?body=1" for ::1 at 2015-10-30 02:02:56 +0900


Started GET "/assets/home.self-877aef30ae1b040ab8a3aba4e3e309a11d7f2612f44dde450b5c157aa5f95c05.js?body=1" for ::1 at 2015-10-30 02:02:56 +0900


Started GET "/assets/turbolinks.self-c37727e9bd6b2735da5c311aa83fead54ed0be6cc8bd9a65309e9c5abe2cbfff.js?body=1" for ::1 at 2015-10-30 02:02:56 +0900


Started GET "/home/show" for ::1 at 2015-10-30 02:06:07 +0900
Processing by HomeController#show as HTML
  [1m[36mItem Load (0.2ms)[0m  [1mSELECT "items".* FROM "items"[0m
  Rendered home/show.html.erb within layouts/application (1.6ms)
  [1m[35mUser Load (0.1ms)[0m  SELECT  "users".* FROM "users" WHERE "users"."id" = ?  ORDER BY "users"."id" ASC LIMIT 1  [["id", 1]]
Completed 200 OK in 59ms (Views: 57.6ms | ActiveRecord: 0.3ms)


Started GET "/assets/up_on_browser.self-e3b0c44298fc1c149afbf4c8996fb92427ae41e4649b934ca495991b7852b855.css?body=1" for ::1 at 2015-10-30 02:06:07 +0900


Started GET "/assets/application.self-e80e8f2318043e8af94dddc2adad5a4f09739a8ebb323b3ab31cd71d45fd9113.css?body=1" for ::1 at 2015-10-30 02:06:07 +0900


Started GET "/assets/home.self-e3b0c44298fc1c149afbf4c8996fb92427ae41e4649b934ca495991b7852b855.css?body=1" for ::1 at 2015-10-30 02:06:07 +0900


Started GET "/assets/jquery_ujs.self-d456baa54c1fa6be2ec3711f0a72ddf7a5b2f34a6b4f515f33767d6207b7d4b3.js?body=1" for ::1 at 2015-10-30 02:06:07 +0900


Started GET "/assets/turbolinks.self-c37727e9bd6b2735da5c311aa83fead54ed0be6cc8bd9a65309e9c5abe2cbfff.js?body=1" for ::1 at 2015-10-30 02:06:07 +0900


Started GET "/assets/jquery.self-a714331225dda820228db323939889f149aec0127aeb06255646b616ba1ca419.js?body=1" for ::1 at 2015-10-30 02:06:07 +0900


Started GET "/assets/home.self-877aef30ae1b040ab8a3aba4e3e309a11d7f2612f44dde450b5c157aa5f95c05.js?body=1" for ::1 at 2015-10-30 02:06:07 +0900


Started GET "/assets/up_on_browser.self-877aef30ae1b040ab8a3aba4e3e309a11d7f2612f44dde450b5c157aa5f95c05.js?body=1" for ::1 at 2015-10-30 02:06:07 +0900


Started GET "/assets/application.self-3b8dabdc891efe46b9a144b400ad69e37d7e5876bdc39dee783419a69d7ca819.js?body=1" for ::1 at 2015-10-30 02:06:07 +0900


Started GET "/upload_page" for ::1 at 2015-10-30 02:06:24 +0900
Processing by UpOnBrowserController#upload_page as HTML
  Rendered up_on_browser/upload_page.html.erb within layouts/application (19.0ms)
  [1m[36mUser Load (0.1ms)[0m  [1mSELECT  "users".* FROM "users" WHERE "users"."id" = ?  ORDER BY "users"."id" ASC LIMIT 1[0m  [["id", 1]]
Completed 200 OK in 73ms (Views: 70.5ms | ActiveRecord: 0.1ms)


Started GET "/upload_page" for ::1 at 2015-10-30 02:06:42 +0900
Processing by UpOnBrowserController#upload_page as HTML
  Rendered up_on_browser/upload_page.html.erb within layouts/application (2.0ms)
  [1m[35mUser Load (0.1ms)[0m  SELECT  "users".* FROM "users" WHERE "users"."id" = ?  ORDER BY "users"."id" ASC LIMIT 1  [["id", 1]]
Completed 200 OK in 57ms (Views: 55.9ms | ActiveRecord: 0.1ms)


Started GET "/upload_page" for ::1 at 2015-10-30 02:06:59 +0900
Processing by UpOnBrowserController#upload_page as HTML
  Rendered up_on_browser/upload_page.html.erb within layouts/application (1.2ms)
  [1m[36mUser Load (0.1ms)[0m  [1mSELECT  "users".* FROM "users" WHERE "users"."id" = ?  ORDER BY "users"."id" ASC LIMIT 1[0m  [["id", 1]]
Completed 200 OK in 38ms (Views: 37.0ms | ActiveRecord: 0.1ms)


Started GET "/" for ::1 at 2015-10-30 02:07:28 +0900
Processing by HomeController#index as HTML
  Rendered home/index.html.erb within layouts/application (0.7ms)
Completed 200 OK in 72ms (Views: 71.2ms | ActiveRecord: 0.0ms)


Started GET "/assets/home.self-e3b0c44298fc1c149afbf4c8996fb92427ae41e4649b934ca495991b7852b855.css?body=1" for ::1 at 2015-10-30 02:07:28 +0900


Started GET "/assets/up_on_browser.self-e3b0c44298fc1c149afbf4c8996fb92427ae41e4649b934ca495991b7852b855.css?body=1" for ::1 at 2015-10-30 02:07:28 +0900


Started GET "/assets/application.self-e80e8f2318043e8af94dddc2adad5a4f09739a8ebb323b3ab31cd71d45fd9113.css?body=1" for ::1 at 2015-10-30 02:07:28 +0900


Started GET "/assets/jquery_ujs.self-d456baa54c1fa6be2ec3711f0a72ddf7a5b2f34a6b4f515f33767d6207b7d4b3.js?body=1" for ::1 at 2015-10-30 02:07:28 +0900


Started GET "/assets/jquery.self-a714331225dda820228db323939889f149aec0127aeb06255646b616ba1ca419.js?body=1" for ::1 at 2015-10-30 02:07:28 +0900


Started GET "/assets/home.self-877aef30ae1b040ab8a3aba4e3e309a11d7f2612f44dde450b5c157aa5f95c05.js?body=1" for ::1 at 2015-10-30 02:07:28 +0900


Started GET "/assets/turbolinks.self-c37727e9bd6b2735da5c311aa83fead54ed0be6cc8bd9a65309e9c5abe2cbfff.js?body=1" for ::1 at 2015-10-30 02:07:28 +0900


Started GET "/assets/up_on_browser.self-877aef30ae1b040ab8a3aba4e3e309a11d7f2612f44dde450b5c157aa5f95c05.js?body=1" for ::1 at 2015-10-30 02:07:28 +0900


Started GET "/assets/application.self-3b8dabdc891efe46b9a144b400ad69e37d7e5876bdc39dee783419a69d7ca819.js?body=1" for ::1 at 2015-10-30 02:07:28 +0900


Started GET "/users/sign_in" for ::1 at 2015-10-30 02:07:31 +0900
Processing by Devise::SessionsController#new as HTML
  Rendered /home/haruka/.rvm/gems/ruby-2.2.1/gems/devise-3.5.2/app/views/devise/shared/_links.html.erb (1.4ms)
  Rendered /home/haruka/.rvm/gems/ruby-2.2.1/gems/devise-3.5.2/app/views/devise/sessions/new.html.erb within layouts/application (17.9ms)
Completed 200 OK in 51ms (Views: 49.1ms | ActiveRecord: 0.0ms)


Started POST "/users/sign_in" for ::1 at 2015-10-30 02:07:53 +0900
Processing by Devise::SessionsController#create as HTML
  Parameters: {"utf8"=>"✓", "authenticity_token"=>"7d+WLKrh2UsvtkWCE7fcMNraky2A21VIxeGGT0ZpR9c40YeokVK4l75pjcOMwN/CHNuPiSPk3m5mxM0AdRR/NQ==", "user"=>{"email"=>"sample@gmail.com", "password"=>"[FILTERED]", "remember_me"=>"1"}, "commit"=>"Log in"}
  [1m[35mUser Load (0.3ms)[0m  SELECT  "users".* FROM "users" WHERE "users"."email" = ?  ORDER BY "users"."id" ASC LIMIT 1  [["email", "sample@gmail.com"]]
  [1m[36m (0.1ms)[0m  [1mbegin transaction[0m
  [1m[35mSQL (0.3ms)[0m  UPDATE "users" SET "remember_created_at" = ?, "updated_at" = ? WHERE "users"."id" = ?  [["remember_created_at", "2015-10-29 17:07:53.254301"], ["updated_at", "2015-10-29 17:07:53.255202"], ["id", 1]]
  [1m[36m (41.4ms)[0m  [1mcommit transaction[0m
  [1m[35m (0.1ms)[0m  begin transaction
  [1m[36mSQL (0.2ms)[0m  [1mUPDATE "users" SET "current_sign_in_at" = ?, "sign_in_count" = ?, "updated_at" = ? WHERE "users"."id" = ?[0m  [["current_sign_in_at", "2015-10-29 17:07:53.299827"], ["sign_in_count", 2], ["updated_at", "2015-10-29 17:07:53.300621"], ["id", 1]]
  [1m[35m (40.0ms)[0m  commit transaction
Redirected to http://localhost:3000/
Completed 302 Found in 219ms (ActiveRecord: 82.4ms)


Started GET "/" for ::1 at 2015-10-30 02:07:53 +0900
Processing by HomeController#index as HTML
  Rendered home/index.html.erb within layouts/application (0.0ms)
  [1m[36mUser Load (0.1ms)[0m  [1mSELECT  "users".* FROM "users" WHERE "users"."id" = ?  ORDER BY "users"."id" ASC LIMIT 1[0m  [["id", 1]]
Completed 200 OK in 33ms (Views: 32.4ms | ActiveRecord: 0.1ms)


Started GET "/upload_page" for ::1 at 2015-10-30 02:08:12 +0900
Processing by UpOnBrowserController#upload_page as HTML
  Rendered up_on_browser/upload_page.html.erb within layouts/application (2.1ms)
  [1m[35mUser Load (0.1ms)[0m  SELECT  "users".* FROM "users" WHERE "users"."id" = ?  ORDER BY "users"."id" ASC LIMIT 1  [["id", 1]]
Completed 200 OK in 54ms (Views: 53.1ms | ActiveRecord: 0.1ms)


Started POST "/create" for ::1 at 2015-10-30 02:08:51 +0900
Processing by UpOnBrowserController#create as HTML
  Parameters: {"utf8"=>"✓", "authenticity_token"=>"IehcowomwcDsha/aAFnTWEXdl5z/Qya6m3FlgSBMCPYjyY4Ik1j5QdCm9KepRcbnc66eWs0pn+Gr7DIfpsmpTw==", "item"=>{"i_name"=>"a", "category"=>"a", "e_key"=>"a", "pic_data"=>#<ActionDispatch::Http::UploadedFile:0x007f596c1aae10 @tempfile=#<Tempfile:/tmp/RackMultipart20151030-5776-fipcl8.jpg>, @original_filename="marina.jpg", @content_type="image/jpeg", @headers="Content-Disposition: form-data; name=\"item[pic_data]\"; filename=\"marina.jpg\"\r\nContent-Type: image/jpeg\r\n">}, "commit"=>"登録する"}
  [1m[36mUser Load (0.1ms)[0m  [1mSELECT  "users".* FROM "users" WHERE "users"."id" = ?  ORDER BY "users"."id" ASC LIMIT 1[0m  [["id", 1]]
  [1m[35m (0.1ms)[0m  begin transaction
  [1m[36mSQL (0.3ms)[0m  [1mINSERT INTO "items" ("i_name", "category", "e_key", "f_name", "f_id", "created_at", "updated_at") VALUES (?, ?, ?, ?, ?, ?, ?)[0m  [["i_name", "a"], ["category", "a"], ["e_key", "#<ActionDispatch::Http::UploadedFile:0x007f596c1aae10>"], ["f_name", "#<User:0x007f596c131da8>"], ["f_id", "1"], ["created_at", "2015-10-29 17:08:51.479128"], ["updated_at", "2015-10-29 17:08:51.479128"]]
  [1m[35m (84.4ms)[0m  commit transaction
  Rendered text template (0.0ms)
Completed 200 OK in 92ms (Views: 2.0ms | ActiveRecord: 84.9ms)


Started GET "/home/show" for ::1 at 2015-10-30 02:09:00 +0900
Processing by HomeController#show as HTML
  [1m[36mItem Load (0.4ms)[0m  [1mSELECT "items".* FROM "items"[0m
  Rendered home/show.html.erb within layouts/application (2.2ms)
  [1m[35mUser Load (0.1ms)[0m  SELECT  "users".* FROM "users" WHERE "users"."id" = ?  ORDER BY "users"."id" ASC LIMIT 1  [["id", 1]]
Completed 200 OK in 42ms (Views: 40.3ms | ActiveRecord: 0.5ms)


Started GET "/upload_page" for ::1 at 2015-10-30 02:11:27 +0900
Processing by UpOnBrowserController#upload_page as HTML
  Rendered up_on_browser/upload_page.html.erb within layouts/application (1.7ms)
  [1m[36mUser Load (0.1ms)[0m  [1mSELECT  "users".* FROM "users" WHERE "users"."id" = ?  ORDER BY "users"."id" ASC LIMIT 1[0m  [["id", 1]]
Completed 200 OK in 45ms (Views: 37.1ms | ActiveRecord: 0.9ms)


Started POST "/create" for ::1 at 2015-10-30 02:11:39 +0900
Processing by UpOnBrowserController#create as HTML
  Parameters: {"utf8"=>"✓", "authenticity_token"=>"TTuMmK/37uGSo+n2GTZKjpZQz94THVYKDLN4SWd0pmpPGl4zNonWYK6AsouwKl8xoCPGGCF371E8Li/X4fEH0w==", "item"=>{"i_name"=>"a", "category"=>"ssa", "e_key"=>"sdad", "pic_data"=>#<ActionDispatch::Http::UploadedFile:0x007f5978a185c8 @tempfile=#<Tempfile:/tmp/RackMultipart20151030-5776-1ryk4wz.jpg>, @original_filename="PicsArt_1434404728299.jpg", @content_type="image/jpeg", @headers="Content-Disposition: form-data; name=\"item[pic_data]\"; filename=\"PicsArt_1434404728299.jpg\"\r\nContent-Type: image/jpeg\r\n">}, "commit"=>"登録する"}
Completed 500 Internal Server Error in 2ms (ActiveRecord: 0.0ms)

NoMethodError (undefined method `encoding' for #<ActionDispatch::Http::UploadedFile:0x007f5978a185c8>):
  app/controllers/up_on_browser_controller.rb:12:in `create'


  Rendered /home/haruka/.rvm/gems/ruby-2.2.1/gems/actionpack-4.2.4/lib/action_dispatch/middleware/templates/rescues/_source.erb (5.9ms)
  Rendered /home/haruka/.rvm/gems/ruby-2.2.1/gems/actionpack-4.2.4/lib/action_dispatch/middleware/templates/rescues/_trace.html.erb (2.6ms)
  Rendered /home/haruka/.rvm/gems/ruby-2.2.1/gems/actionpack-4.2.4/lib/action_dispatch/middleware/templates/rescues/_request_and_response.html.erb (1.1ms)
  Rendered /home/haruka/.rvm/gems/ruby-2.2.1/gems/actionpack-4.2.4/lib/action_dispatch/middleware/templates/rescues/diagnostics.html.erb within rescues/layout (23.2ms)
Cannot render console with content type multipart/form-dataAllowed content types: [#<Mime::Type:0x000000040ad3c8 @synonyms=["application/xhtml+xml"], @symbol=:html, @string="text/html">, #<Mime::Type:0x000000040ad0f8 @synonyms=[], @symbol=:text, @string="text/plain">, #<Mime::Type:0x000000040ba870 @synonyms=[], @symbol=:url_encoded_form, @string="application/x-www-form-urlencoded">]


Started GET "/upload_page" for ::1 at 2015-10-30 02:13:41 +0900
Processing by UpOnBrowserController#upload_page as HTML
  Rendered up_on_browser/upload_page.html.erb within layouts/application (1.3ms)
  [1m[35mUser Load (0.1ms)[0m  SELECT  "users".* FROM "users" WHERE "users"."id" = ?  ORDER BY "users"."id" ASC LIMIT 1  [["id", 1]]
  [1m[36m (0.1ms)[0m  [1mbegin transaction[0m
  [1m[35mSQL (0.2ms)[0m  UPDATE "users" SET "last_sign_in_at" = ?, "current_sign_in_at" = ?, "sign_in_count" = ?, "updated_at" = ? WHERE "users"."id" = ?  [["last_sign_in_at", "2015-10-29 17:07:53.299827"], ["current_sign_in_at", "2015-10-29 17:13:41.471264"], ["sign_in_count", 3], ["updated_at", "2015-10-29 17:13:41.472053"], ["id", 1]]
  [1m[36m (40.9ms)[0m  [1mcommit transaction[0m
Completed 200 OK in 87ms (Views: 44.9ms | ActiveRecord: 41.3ms)


Started POST "/create" for ::1 at 2015-10-30 02:13:59 +0900
Processing by UpOnBrowserController#create as HTML
  Parameters: {"utf8"=>"✓", "authenticity_token"=>"cmm7HWAuwyo4qtounQMV+t53bu3lBk8PZl0SAgMy2ie536uNA6VFA8/jCTNhUKtfCoYFA7GU+5i9eeKUkFS9Dw==", "item"=>{"i_name"=>"aa", "category"=>"as", "e_key"=>"er", "pic_data"=>#<ActionDispatch::Http::UploadedFile:0x007f596c27e328 @tempfile=#<Tempfile:/tmp/RackMultipart20151030-5776-19l82cp.jpg>, @original_filename="marina.jpg", @content_type="image/jpeg", @headers="Content-Disposition: form-data; name=\"item[pic_data]\"; filename=\"marina.jpg\"\r\nContent-Type: image/jpeg\r\n">}, "commit"=>"登録する"}
Completed 500 Internal Server Error in 2ms (ActiveRecord: 0.0ms)

NoMethodError (undefined method `encoding' for #<ActionDispatch::Http::UploadedFile:0x007f596c27e328>):
  app/controllers/up_on_browser_controller.rb:12:in `create'


  Rendered /home/haruka/.rvm/gems/ruby-2.2.1/gems/actionpack-4.2.4/lib/action_dispatch/middleware/templates/rescues/_source.erb (6.3ms)
  Rendered /home/haruka/.rvm/gems/ruby-2.2.1/gems/actionpack-4.2.4/lib/action_dispatch/middleware/templates/rescues/_trace.html.erb (2.8ms)
  Rendered /home/haruka/.rvm/gems/ruby-2.2.1/gems/actionpack-4.2.4/lib/action_dispatch/middleware/templates/rescues/_request_and_response.html.erb (1.1ms)
  Rendered /home/haruka/.rvm/gems/ruby-2.2.1/gems/actionpack-4.2.4/lib/action_dispatch/middleware/templates/rescues/diagnostics.html.erb within rescues/layout (22.8ms)
Cannot render console with content type multipart/form-dataAllowed content types: [#<Mime::Type:0x000000040ad3c8 @synonyms=["application/xhtml+xml"], @symbol=:html, @string="text/html">, #<Mime::Type:0x000000040ad0f8 @synonyms=[], @symbol=:text, @string="text/plain">, #<Mime::Type:0x000000040ba870 @synonyms=[], @symbol=:url_encoded_form, @string="application/x-www-form-urlencoded">]


Started POST "/create" for ::1 at 2015-10-30 02:22:55 +0900
Processing by UpOnBrowserController#create as HTML
  Parameters: {"utf8"=>"✓", "authenticity_token"=>"cmm7HWAuwyo4qtounQMV+t53bu3lBk8PZl0SAgMy2ie536uNA6VFA8/jCTNhUKtfCoYFA7GU+5i9eeKUkFS9Dw==", "item"=>{"i_name"=>"aa", "category"=>"as", "e_key"=>"er", "pic_data"=>#<ActionDispatch::Http::UploadedFile:0x00000005a31d80 @tempfile=#<Tempfile:/tmp/RackMultipart20151030-5776-gj8hlk.jpg>, @original_filename="marina.jpg", @content_type="image/jpeg", @headers="Content-Disposition: form-data; name=\"item[pic_data]\"; filename=\"marina.jpg\"\r\nContent-Type: image/jpeg\r\n">}, "commit"=>"登録する"}
  [1m[35mUser Load (0.2ms)[0m  SELECT  "users".* FROM "users" WHERE "users"."id" = ?  ORDER BY "users"."id" ASC LIMIT 1  [["id", 1]]
  [1m[36m (0.1ms)[0m  [1mbegin transaction[0m
  [1m[35mSQL (0.4ms)[0m  INSERT INTO "items" ("i_name", "category", "pic_data", "e_key", "f_name", "f_id", "created_at", "updated_at") VALUES (?, ?, ?, ?, ?, ?, ?, ?)  [["i_name", "aa"], ["category", "as"], ["pic_data", "<64006 bytes of binary data>"], ["e_key", "er"], ["f_name", "sample@gmail.com"], ["f_id", "1"], ["created_at", "2015-10-29 17:22:55.792832"], ["updated_at", "2015-10-29 17:22:55.792832"]]
  [1m[36m (43.3ms)[0m  [1mcommit transaction[0m
  Rendered text template (0.0ms)
Completed 200 OK in 63ms (Views: 0.5ms | ActiveRecord: 44.6ms)


Started GET "/upload_page" for ::1 at 2015-10-30 02:23:05 +0900
Processing by UpOnBrowserController#upload_page as HTML
  Rendered up_on_browser/upload_page.html.erb within layouts/application (4.2ms)
  [1m[35mUser Load (0.1ms)[0m  SELECT  "users".* FROM "users" WHERE "users"."id" = ?  ORDER BY "users"."id" ASC LIMIT 1  [["id", 1]]
Completed 200 OK in 59ms (Views: 57.4ms | ActiveRecord: 0.1ms)


Started POST "/create" for ::1 at 2015-10-30 02:23:18 +0900
Processing by UpOnBrowserController#create as HTML
  Parameters: {"utf8"=>"✓", "authenticity_token"=>"o7k0+BhAPvVub2ScGqKW4XkSoHmtiIUJboFSEQD7htZoDyRoe8u43Jkmt4Hm8ShErePLl/kaMZ61paKHk53h/g==", "item"=>{"i_name"=>"sss", "category"=>"ssss", "e_key"=>"sss", "pic_data"=>#<ActionDispatch::Http::UploadedFile:0x007f5960489430 @tempfile=#<Tempfile:/tmp/RackMultipart20151030-5776-ewsfbm.jpg>, @original_filename="marina2.jpg", @content_type="image/jpeg", @headers="Content-Disposition: form-data; name=\"item[pic_data]\"; filename=\"marina2.jpg\"\r\nContent-Type: image/jpeg\r\n">}, "commit"=>"登録する"}
  [1m[36mUser Load (0.2ms)[0m  [1mSELECT  "users".* FROM "users" WHERE "users"."id" = ?  ORDER BY "users"."id" ASC LIMIT 1[0m  [["id", 1]]
  [1m[35m (0.1ms)[0m  begin transaction
  [1m[36mSQL (0.3ms)[0m  [1mINSERT INTO "items" ("i_name", "category", "pic_data", "e_key", "f_name", "f_id", "created_at", "updated_at") VALUES (?, ?, ?, ?, ?, ?, ?, ?)[0m  [["i_name", "sss"], ["category", "ssss"], ["pic_data", "<108491 bytes of binary data>"], ["e_key", "sss"], ["f_name", "sample@gmail.com"], ["f_id", "1"], ["created_at", "2015-10-29 17:23:18.306198"], ["updated_at", "2015-10-29 17:23:18.306198"]]
  [1m[35m (64.8ms)[0m  commit transaction
  Rendered text template (0.0ms)
Completed 200 OK in 89ms (Views: 0.3ms | ActiveRecord: 65.4ms)


Started GET "/home/show" for ::1 at 2015-10-30 02:23:27 +0900
Processing by HomeController#show as HTML
  [1m[36mItem Load (0.6ms)[0m  [1mSELECT "items".* FROM "items"[0m
  Rendered home/show.html.erb within layouts/application (5.1ms)
  [1m[35mUser Load (0.1ms)[0m  SELECT  "users".* FROM "users" WHERE "users"."id" = ?  ORDER BY "users"."id" ASC LIMIT 1  [["id", 1]]
Completed 500 Internal Server Error in 50ms (ActiveRecord: 0.7ms)

ActionView::Template::Error (incompatible character encodings: UTF-8 and ASCII-8BIT):
    27: <p class="notice"><%= notice %></p>
    28: <p class="alert"><%= alert %></p>
    29: 
    30: <%= yield %>
    31: 
    32: </body>
    33: </html>
  app/views/layouts/application.html.erb:30:in `_app_views_layouts_application_html_erb___2819615997939259125_43299260'


  Rendered /home/haruka/.rvm/gems/ruby-2.2.1/gems/actionpack-4.2.4/lib/action_dispatch/middleware/templates/rescues/_source.erb (6.8ms)
  Rendered /home/haruka/.rvm/gems/ruby-2.2.1/gems/actionpack-4.2.4/lib/action_dispatch/middleware/templates/rescues/_trace.html.erb (2.7ms)
  Rendered /home/haruka/.rvm/gems/ruby-2.2.1/gems/actionpack-4.2.4/lib/action_dispatch/middleware/templates/rescues/_request_and_response.html.erb (1.0ms)
  Rendered /home/haruka/.rvm/gems/ruby-2.2.1/gems/actionpack-4.2.4/lib/action_dispatch/middleware/templates/rescues/template_error.html.erb within rescues/layout (23.3ms)
  Rendered /home/haruka/.rvm/gems/ruby-2.2.1/gems/web-console-2.2.1/lib/web_console/templates/_markup.html.erb (0.3ms)
  Rendered /home/haruka/.rvm/gems/ruby-2.2.1/gems/web-console-2.2.1/lib/web_console/templates/_inner_console_markup.html.erb within layouts/inlined_string (0.3ms)
  Rendered /home/haruka/.rvm/gems/ruby-2.2.1/gems/web-console-2.2.1/lib/web_console/templates/_prompt_box_markup.html.erb within layouts/inlined_string (0.2ms)
  Rendered /home/haruka/.rvm/gems/ruby-2.2.1/gems/web-console-2.2.1/lib/web_console/templates/style.css.erb within layouts/inlined_string (0.2ms)
  Rendered /home/haruka/.rvm/gems/ruby-2.2.1/gems/web-console-2.2.1/lib/web_console/templates/console.js.erb within layouts/javascript (13.9ms)
  Rendered /home/haruka/.rvm/gems/ruby-2.2.1/gems/web-console-2.2.1/lib/web_console/templates/main.js.erb within layouts/javascript (0.2ms)
  Rendered /home/haruka/.rvm/gems/ruby-2.2.1/gems/web-console-2.2.1/lib/web_console/templates/error_page.js.erb within layouts/javascript (0.4ms)
  Rendered /home/haruka/.rvm/gems/ruby-2.2.1/gems/web-console-2.2.1/lib/web_console/templates/index.html.erb (27.8ms)


Started GET "/home/show" for ::1 at 2015-10-30 02:25:25 +0900
Processing by HomeController#show as HTML
  [1m[36mItem Load (0.4ms)[0m  [1mSELECT "items".* FROM "items"[0m
  Rendered home/show.html.erb within layouts/application (6.1ms)
  [1m[35mUser Load (0.1ms)[0m  SELECT  "users".* FROM "users" WHERE "users"."id" = ?  ORDER BY "users"."id" ASC LIMIT 1  [["id", 1]]
Completed 500 Internal Server Error in 40ms (ActiveRecord: 0.5ms)

ActionView::Template::Error (incompatible character encodings: UTF-8 and ASCII-8BIT):
    27: <p class="notice"><%= notice %></p>
    28: <p class="alert"><%= alert %></p>
    29: 
    30: <%= yield %>
    31: 
    32: </body>
    33: </html>
  app/views/layouts/application.html.erb:30:in `_app_views_layouts_application_html_erb___2819615997939259125_43299260'


  Rendered /home/haruka/.rvm/gems/ruby-2.2.1/gems/actionpack-4.2.4/lib/action_dispatch/middleware/templates/rescues/_source.erb (6.8ms)
  Rendered /home/haruka/.rvm/gems/ruby-2.2.1/gems/actionpack-4.2.4/lib/action_dispatch/middleware/templates/rescues/_trace.html.erb (3.0ms)
  Rendered /home/haruka/.rvm/gems/ruby-2.2.1/gems/actionpack-4.2.4/lib/action_dispatch/middleware/templates/rescues/_request_and_response.html.erb (0.9ms)
  Rendered /home/haruka/.rvm/gems/ruby-2.2.1/gems/actionpack-4.2.4/lib/action_dispatch/middleware/templates/rescues/template_error.html.erb within rescues/layout (23.4ms)
  Rendered /home/haruka/.rvm/gems/ruby-2.2.1/gems/web-console-2.2.1/lib/web_console/templates/_markup.html.erb (0.3ms)
  Rendered /home/haruka/.rvm/gems/ruby-2.2.1/gems/web-console-2.2.1/lib/web_console/templates/_inner_console_markup.html.erb within layouts/inlined_string (0.3ms)
  Rendered /home/haruka/.rvm/gems/ruby-2.2.1/gems/web-console-2.2.1/lib/web_console/templates/_prompt_box_markup.html.erb within layouts/inlined_string (0.2ms)
  Rendered /home/haruka/.rvm/gems/ruby-2.2.1/gems/web-console-2.2.1/lib/web_console/templates/style.css.erb within layouts/inlined_string (0.2ms)
  Rendered /home/haruka/.rvm/gems/ruby-2.2.1/gems/web-console-2.2.1/lib/web_console/templates/console.js.erb within layouts/javascript (14.0ms)
  Rendered /home/haruka/.rvm/gems/ruby-2.2.1/gems/web-console-2.2.1/lib/web_console/templates/main.js.erb within layouts/javascript (0.3ms)
  Rendered /home/haruka/.rvm/gems/ruby-2.2.1/gems/web-console-2.2.1/lib/web_console/templates/error_page.js.erb within layouts/javascript (0.3ms)
  Rendered /home/haruka/.rvm/gems/ruby-2.2.1/gems/web-console-2.2.1/lib/web_console/templates/index.html.erb (27.9ms)


Started GET "/home/show" for ::1 at 2015-10-30 02:25:27 +0900
Processing by HomeController#show as HTML
  [1m[36mItem Load (0.5ms)[0m  [1mSELECT "items".* FROM "items"[0m
  Rendered home/show.html.erb within layouts/application (7.7ms)
  [1m[35mUser Load (0.1ms)[0m  SELECT  "users".* FROM "users" WHERE "users"."id" = ?  ORDER BY "users"."id" ASC LIMIT 1  [["id", 1]]
Completed 500 Internal Server Error in 48ms (ActiveRecord: 0.6ms)

ActionView::Template::Error (incompatible character encodings: UTF-8 and ASCII-8BIT):
    27: <p class="notice"><%= notice %></p>
    28: <p class="alert"><%= alert %></p>
    29: 
    30: <%= yield %>
    31: 
    32: </body>
    33: </html>
  app/views/layouts/application.html.erb:30:in `_app_views_layouts_application_html_erb___2819615997939259125_43299260'


  Rendered /home/haruka/.rvm/gems/ruby-2.2.1/gems/actionpack-4.2.4/lib/action_dispatch/middleware/templates/rescues/_source.erb (7.0ms)
  Rendered /home/haruka/.rvm/gems/ruby-2.2.1/gems/actionpack-4.2.4/lib/action_dispatch/middleware/templates/rescues/_trace.html.erb (2.8ms)
  Rendered /home/haruka/.rvm/gems/ruby-2.2.1/gems/actionpack-4.2.4/lib/action_dispatch/middleware/templates/rescues/_request_and_response.html.erb (0.9ms)
  Rendered /home/haruka/.rvm/gems/ruby-2.2.1/gems/actionpack-4.2.4/lib/action_dispatch/middleware/templates/rescues/template_error.html.erb within rescues/layout (22.7ms)
  Rendered /home/haruka/.rvm/gems/ruby-2.2.1/gems/web-console-2.2.1/lib/web_console/templates/_markup.html.erb (0.3ms)
  Rendered /home/haruka/.rvm/gems/ruby-2.2.1/gems/web-console-2.2.1/lib/web_console/templates/_inner_console_markup.html.erb within layouts/inlined_string (0.3ms)
  Rendered /home/haruka/.rvm/gems/ruby-2.2.1/gems/web-console-2.2.1/lib/web_console/templates/_prompt_box_markup.html.erb within layouts/inlined_string (0.3ms)
  Rendered /home/haruka/.rvm/gems/ruby-2.2.1/gems/web-console-2.2.1/lib/web_console/templates/style.css.erb within layouts/inlined_string (0.4ms)
  Rendered /home/haruka/.rvm/gems/ruby-2.2.1/gems/web-console-2.2.1/lib/web_console/templates/console.js.erb within layouts/javascript (14.7ms)
  Rendered /home/haruka/.rvm/gems/ruby-2.2.1/gems/web-console-2.2.1/lib/web_console/templates/main.js.erb within layouts/javascript (0.2ms)
  Rendered /home/haruka/.rvm/gems/ruby-2.2.1/gems/web-console-2.2.1/lib/web_console/templates/error_page.js.erb within layouts/javascript (0.4ms)
  Rendered /home/haruka/.rvm/gems/ruby-2.2.1/gems/web-console-2.2.1/lib/web_console/templates/index.html.erb (28.8ms)


Started GET "/home/show" for ::1 at 2015-10-30 02:26:48 +0900
Processing by HomeController#show as HTML
  [1m[36mItem Load (0.6ms)[0m  [1mSELECT "items".* FROM "items"[0m
  Rendered home/show.html.erb within layouts/application (10.0ms)
  [1m[35mUser Load (0.1ms)[0m  SELECT  "users".* FROM "users" WHERE "users"."id" = ?  ORDER BY "users"."id" ASC LIMIT 1  [["id", 1]]
Completed 500 Internal Server Error in 59ms (ActiveRecord: 0.7ms)

ActionView::Template::Error (incompatible character encodings: UTF-8 and ASCII-8BIT):
    27: <p class="notice"><%= notice %></p>
    28: <p class="alert"><%= alert %></p>
    29: 
    30: <%= yield %>
    31: 
    32: </body>
    33: </html>
  app/views/layouts/application.html.erb:30:in `_app_views_layouts_application_html_erb___2819615997939259125_43299260'


  Rendered /home/haruka/.rvm/gems/ruby-2.2.1/gems/actionpack-4.2.4/lib/action_dispatch/middleware/templates/rescues/_source.erb (7.1ms)
  Rendered /home/haruka/.rvm/gems/ruby-2.2.1/gems/actionpack-4.2.4/lib/action_dispatch/middleware/templates/rescues/_trace.html.erb (3.0ms)
  Rendered /home/haruka/.rvm/gems/ruby-2.2.1/gems/actionpack-4.2.4/lib/action_dispatch/middleware/templates/rescues/_request_and_response.html.erb (1.1ms)
  Rendered /home/haruka/.rvm/gems/ruby-2.2.1/gems/actionpack-4.2.4/lib/action_dispatch/middleware/templates/rescues/template_error.html.erb within rescues/layout (23.9ms)
  Rendered /home/haruka/.rvm/gems/ruby-2.2.1/gems/web-console-2.2.1/lib/web_console/templates/_markup.html.erb (0.3ms)
  Rendered /home/haruka/.rvm/gems/ruby-2.2.1/gems/web-console-2.2.1/lib/web_console/templates/_inner_console_markup.html.erb within layouts/inlined_string (0.3ms)
  Rendered /home/haruka/.rvm/gems/ruby-2.2.1/gems/web-console-2.2.1/lib/web_console/templates/_prompt_box_markup.html.erb within layouts/inlined_string (0.2ms)
  Rendered /home/haruka/.rvm/gems/ruby-2.2.1/gems/web-console-2.2.1/lib/web_console/templates/style.css.erb within layouts/inlined_string (0.2ms)
  Rendered /home/haruka/.rvm/gems/ruby-2.2.1/gems/web-console-2.2.1/lib/web_console/templates/console.js.erb within layouts/javascript (13.7ms)
  Rendered /home/haruka/.rvm/gems/ruby-2.2.1/gems/web-console-2.2.1/lib/web_console/templates/main.js.erb within layouts/javascript (0.2ms)
  Rendered /home/haruka/.rvm/gems/ruby-2.2.1/gems/web-console-2.2.1/lib/web_console/templates/error_page.js.erb within layouts/javascript (0.3ms)
  Rendered /home/haruka/.rvm/gems/ruby-2.2.1/gems/web-console-2.2.1/lib/web_console/templates/index.html.erb (27.8ms)


Started GET "/home/show" for ::1 at 2015-10-30 02:27:06 +0900
Processing by HomeController#show as HTML
  [1m[36mItem Load (0.3ms)[0m  [1mSELECT "items".* FROM "items"[0m
  Rendered home/show.html.erb within layouts/application (6.0ms)
  [1m[35mUser Load (0.1ms)[0m  SELECT  "users".* FROM "users" WHERE "users"."id" = ?  ORDER BY "users"."id" ASC LIMIT 1  [["id", 1]]
Completed 500 Internal Server Error in 57ms (ActiveRecord: 0.4ms)

ActionView::Template::Error (incompatible character encodings: UTF-8 and ASCII-8BIT):
    27: <p class="notice"><%= notice %></p>
    28: <p class="alert"><%= alert %></p>
    29: 
    30: <%= yield %>
    31: 
    32: </body>
    33: </html>
  app/views/layouts/application.html.erb:30:in `_app_views_layouts_application_html_erb___2819615997939259125_43299260'


  Rendered /home/haruka/.rvm/gems/ruby-2.2.1/gems/actionpack-4.2.4/lib/action_dispatch/middleware/templates/rescues/_source.erb (8.4ms)
  Rendered /home/haruka/.rvm/gems/ruby-2.2.1/gems/actionpack-4.2.4/lib/action_dispatch/middleware/templates/rescues/_trace.html.erb (2.9ms)
  Rendered /home/haruka/.rvm/gems/ruby-2.2.1/gems/actionpack-4.2.4/lib/action_dispatch/middleware/templates/rescues/_request_and_response.html.erb (1.1ms)
  Rendered /home/haruka/.rvm/gems/ruby-2.2.1/gems/actionpack-4.2.4/lib/action_dispatch/middleware/templates/rescues/template_error.html.erb within rescues/layout (26.3ms)
  Rendered /home/haruka/.rvm/gems/ruby-2.2.1/gems/web-console-2.2.1/lib/web_console/templates/_markup.html.erb (0.5ms)
  Rendered /home/haruka/.rvm/gems/ruby-2.2.1/gems/web-console-2.2.1/lib/web_console/templates/_inner_console_markup.html.erb within layouts/inlined_string (0.6ms)
  Rendered /home/haruka/.rvm/gems/ruby-2.2.1/gems/web-console-2.2.1/lib/web_console/templates/_prompt_box_markup.html.erb within layouts/inlined_string (0.3ms)
  Rendered /home/haruka/.rvm/gems/ruby-2.2.1/gems/web-console-2.2.1/lib/web_console/templates/style.css.erb within layouts/inlined_string (0.3ms)
  Rendered /home/haruka/.rvm/gems/ruby-2.2.1/gems/web-console-2.2.1/lib/web_console/templates/console.js.erb within layouts/javascript (16.5ms)
  Rendered /home/haruka/.rvm/gems/ruby-2.2.1/gems/web-console-2.2.1/lib/web_console/templates/main.js.erb within layouts/javascript (0.3ms)
  Rendered /home/haruka/.rvm/gems/ruby-2.2.1/gems/web-console-2.2.1/lib/web_console/templates/error_page.js.erb within layouts/javascript (0.5ms)
  Rendered /home/haruka/.rvm/gems/ruby-2.2.1/gems/web-console-2.2.1/lib/web_console/templates/index.html.erb (35.8ms)


Started GET "/home/show" for ::1 at 2015-10-30 02:32:06 +0900
Processing by HomeController#show as HTML
  [1m[36mItem Load (0.3ms)[0m  [1mSELECT "items".* FROM "items"[0m
  Rendered home/show.html.erb within layouts/application (4.3ms)
  [1m[35mUser Load (0.1ms)[0m  SELECT  "users".* FROM "users" WHERE "users"."id" = ?  ORDER BY "users"."id" ASC LIMIT 1  [["id", 1]]
Completed 200 OK in 52ms (Views: 50.8ms | ActiveRecord: 0.4ms)


Started GET "/assets/home.self-e3b0c44298fc1c149afbf4c8996fb92427ae41e4649b934ca495991b7852b855.css?body=1" for ::1 at 2015-10-30 02:32:07 +0900


Started GET "/assets/up_on_browser.self-e3b0c44298fc1c149afbf4c8996fb92427ae41e4649b934ca495991b7852b855.css?body=1" for ::1 at 2015-10-30 02:32:07 +0900


Started GET "/assets/application.self-e80e8f2318043e8af94dddc2adad5a4f09739a8ebb323b3ab31cd71d45fd9113.css?body=1" for ::1 at 2015-10-30 02:32:07 +0900


Started GET "/assets/jquery.self-a714331225dda820228db323939889f149aec0127aeb06255646b616ba1ca419.js?body=1" for ::1 at 2015-10-30 02:32:07 +0900


Started GET "/assets/turbolinks.self-c37727e9bd6b2735da5c311aa83fead54ed0be6cc8bd9a65309e9c5abe2cbfff.js?body=1" for ::1 at 2015-10-30 02:32:07 +0900


Started GET "/assets/jquery_ujs.self-d456baa54c1fa6be2ec3711f0a72ddf7a5b2f34a6b4f515f33767d6207b7d4b3.js?body=1" for ::1 at 2015-10-30 02:32:07 +0900


Started GET "/assets/home.self-877aef30ae1b040ab8a3aba4e3e309a11d7f2612f44dde450b5c157aa5f95c05.js?body=1" for ::1 at 2015-10-30 02:32:07 +0900


Started GET "/assets/up_on_browser.self-877aef30ae1b040ab8a3aba4e3e309a11d7f2612f44dde450b5c157aa5f95c05.js?body=1" for ::1 at 2015-10-30 02:32:07 +0900


Started GET "/assets/application.self-3b8dabdc891efe46b9a144b400ad69e37d7e5876bdc39dee783419a69d7ca819.js?body=1" for ::1 at 2015-10-30 02:32:07 +0900


Started GET "/home/show" for ::1 at 2015-10-30 02:46:20 +0900
Processing by HomeController#show as HTML
Completed 500 Internal Server Error in 2ms (ActiveRecord: 0.0ms)

ArgumentError (wrong number of arguments (1 for 0)):
  app/controllers/home_controller.rb:6:in `show'


  Rendered /home/haruka/.rvm/gems/ruby-2.2.1/gems/actionpack-4.2.4/lib/action_dispatch/middleware/templates/rescues/_source.erb (5.3ms)
  Rendered /home/haruka/.rvm/gems/ruby-2.2.1/gems/actionpack-4.2.4/lib/action_dispatch/middleware/templates/rescues/_trace.html.erb (3.1ms)
  Rendered /home/haruka/.rvm/gems/ruby-2.2.1/gems/actionpack-4.2.4/lib/action_dispatch/middleware/templates/rescues/_request_and_response.html.erb (1.3ms)
  Rendered /home/haruka/.rvm/gems/ruby-2.2.1/gems/actionpack-4.2.4/lib/action_dispatch/middleware/templates/rescues/diagnostics.html.erb within rescues/layout (23.1ms)
  Rendered /home/haruka/.rvm/gems/ruby-2.2.1/gems/web-console-2.2.1/lib/web_console/templates/_markup.html.erb (0.3ms)
  Rendered /home/haruka/.rvm/gems/ruby-2.2.1/gems/web-console-2.2.1/lib/web_console/templates/_inner_console_markup.html.erb within layouts/inlined_string (0.3ms)
  Rendered /home/haruka/.rvm/gems/ruby-2.2.1/gems/web-console-2.2.1/lib/web_console/templates/_prompt_box_markup.html.erb within layouts/inlined_string (0.2ms)
  Rendered /home/haruka/.rvm/gems/ruby-2.2.1/gems/web-console-2.2.1/lib/web_console/templates/style.css.erb within layouts/inlined_string (0.2ms)
  Rendered /home/haruka/.rvm/gems/ruby-2.2.1/gems/web-console-2.2.1/lib/web_console/templates/console.js.erb within layouts/javascript (13.9ms)
  Rendered /home/haruka/.rvm/gems/ruby-2.2.1/gems/web-console-2.2.1/lib/web_console/templates/main.js.erb within layouts/javascript (0.4ms)
  Rendered /home/haruka/.rvm/gems/ruby-2.2.1/gems/web-console-2.2.1/lib/web_console/templates/error_page.js.erb within layouts/javascript (0.7ms)
  Rendered /home/haruka/.rvm/gems/ruby-2.2.1/gems/web-console-2.2.1/lib/web_console/templates/index.html.erb (30.8ms)


Started GET "/home/show" for ::1 at 2015-10-30 02:48:50 +0900
Processing by HomeController#show as HTML
  [1m[36mItem Load (0.9ms)[0m  [1mSELECT "items".* FROM "items"[0m
  Rendered home/show.html.erb within layouts/application (18.9ms)
  [1m[35mUser Load (0.1ms)[0m  SELECT  "users".* FROM "users" WHERE "users"."id" = ?  ORDER BY "users"."id" ASC LIMIT 1  [["id", 1]]
Completed 200 OK in 65ms (Views: 60.9ms | ActiveRecord: 2.1ms)


Started GET "/assets/home.self-e3b0c44298fc1c149afbf4c8996fb92427ae41e4649b934ca495991b7852b855.css?body=1" for ::1 at 2015-10-30 02:48:50 +0900


Started GET "/assets/application.self-e80e8f2318043e8af94dddc2adad5a4f09739a8ebb323b3ab31cd71d45fd9113.css?body=1" for ::1 at 2015-10-30 02:48:50 +0900


Started GET "/assets/jquery.self-a714331225dda820228db323939889f149aec0127aeb06255646b616ba1ca419.js?body=1" for ::1 at 2015-10-30 02:48:50 +0900


Started GET "/assets/jquery_ujs.self-d456baa54c1fa6be2ec3711f0a72ddf7a5b2f34a6b4f515f33767d6207b7d4b3.js?body=1" for ::1 at 2015-10-30 02:48:50 +0900


Started GET "/assets/up_on_browser.self-e3b0c44298fc1c149afbf4c8996fb92427ae41e4649b934ca495991b7852b855.css?body=1" for ::1 at 2015-10-30 02:48:50 +0900


Started GET "/assets/turbolinks.self-c37727e9bd6b2735da5c311aa83fead54ed0be6cc8bd9a65309e9c5abe2cbfff.js?body=1" for ::1 at 2015-10-30 02:48:50 +0900


Started GET "/assets/home.self-877aef30ae1b040ab8a3aba4e3e309a11d7f2612f44dde450b5c157aa5f95c05.js?body=1" for ::1 at 2015-10-30 02:48:50 +0900


Started GET "/assets/application.self-3b8dabdc891efe46b9a144b400ad69e37d7e5876bdc39dee783419a69d7ca819.js?body=1" for ::1 at 2015-10-30 02:48:50 +0900


Started GET "/assets/up_on_browser.self-877aef30ae1b040ab8a3aba4e3e309a11d7f2612f44dde450b5c157aa5f95c05.js?body=1" for ::1 at 2015-10-30 02:48:50 +0900


Started GET "/home/show" for ::1 at 2015-10-30 02:50:08 +0900
Processing by HomeController#show as HTML
  [1m[36mItem Load (0.4ms)[0m  [1mSELECT "items".* FROM "items"[0m
  Rendered home/show.html.erb within layouts/application (4.6ms)
Completed 500 Internal Server Error in 7ms (ActiveRecord: 0.4ms)

ActionView::Template::Error (No route matches {:action=>"get_image", :controller=>"home", :id=>1}):
    24:         <%= i.f_name%>
    25:       </td>
    26:       <td>
    27:         <%= image_tag(url_for(:action => 'get_image', :id => i.id), :size => '100x100') %>
    28:       </td>
    29:     </tr>
    30:   <% end %>
  app/views/home/show.html.erb:27:in `block in _app_views_home_show_html_erb___1343041341060970811_70010852896520'
  app/views/home/show.html.erb:12:in `_app_views_home_show_html_erb___1343041341060970811_70010852896520'


  Rendered /home/haruka/.rvm/gems/ruby-2.2.1/gems/actionpack-4.2.4/lib/action_dispatch/middleware/templates/rescues/_source.erb (9.5ms)
  Rendered /home/haruka/.rvm/gems/ruby-2.2.1/gems/actionpack-4.2.4/lib/action_dispatch/middleware/templates/rescues/_trace.html.erb (3.2ms)
  Rendered /home/haruka/.rvm/gems/ruby-2.2.1/gems/actionpack-4.2.4/lib/action_dispatch/middleware/templates/rescues/_request_and_response.html.erb (1.5ms)
  Rendered /home/haruka/.rvm/gems/ruby-2.2.1/gems/actionpack-4.2.4/lib/action_dispatch/middleware/templates/rescues/template_error.html.erb within rescues/layout (28.5ms)
  Rendered /home/haruka/.rvm/gems/ruby-2.2.1/gems/web-console-2.2.1/lib/web_console/templates/_markup.html.erb (0.3ms)
  Rendered /home/haruka/.rvm/gems/ruby-2.2.1/gems/web-console-2.2.1/lib/web_console/templates/_inner_console_markup.html.erb within layouts/inlined_string (0.3ms)
  Rendered /home/haruka/.rvm/gems/ruby-2.2.1/gems/web-console-2.2.1/lib/web_console/templates/_prompt_box_markup.html.erb within layouts/inlined_string (0.2ms)
  Rendered /home/haruka/.rvm/gems/ruby-2.2.1/gems/web-console-2.2.1/lib/web_console/templates/style.css.erb within layouts/inlined_string (0.7ms)
  Rendered /home/haruka/.rvm/gems/ruby-2.2.1/gems/web-console-2.2.1/lib/web_console/templates/console.js.erb within layouts/javascript (15.6ms)
  Rendered /home/haruka/.rvm/gems/ruby-2.2.1/gems/web-console-2.2.1/lib/web_console/templates/main.js.erb within layouts/javascript (0.5ms)
  Rendered /home/haruka/.rvm/gems/ruby-2.2.1/gems/web-console-2.2.1/lib/web_console/templates/error_page.js.erb within layouts/javascript (0.4ms)
  Rendered /home/haruka/.rvm/gems/ruby-2.2.1/gems/web-console-2.2.1/lib/web_console/templates/index.html.erb (32.1ms)


Started GET "/home/show" for ::1 at 2015-10-30 03:00:15 +0900
Processing by HomeController#show as HTML
  [1m[35mItem Load (0.7ms)[0m  SELECT "items".* FROM "items"
  Rendered home/show.html.erb within layouts/application (28.7ms)
Completed 500 Internal Server Error in 33ms (ActiveRecord: 1.0ms)

ActionView::Template::Error (string contains null byte):
    24:         <%= i.f_name%>
    25:       </td>
    26:       <td>
    27:         <%= image_tag(i.pic_data, :size => '100x100') %>
    28:       </td>
    29:     </tr>
    30:   <% end %>
  app/views/home/show.html.erb:27:in `block in _app_views_home_show_html_erb___1343041341060970811_70011088349140'
  app/views/home/show.html.erb:12:in `_app_views_home_show_html_erb___1343041341060970811_70011088349140'


  Rendered /home/haruka/.rvm/gems/ruby-2.2.1/gems/actionpack-4.2.4/lib/action_dispatch/middleware/templates/rescues/_source.erb (8.6ms)
  Rendered /home/haruka/.rvm/gems/ruby-2.2.1/gems/actionpack-4.2.4/lib/action_dispatch/middleware/templates/rescues/_trace.html.erb (4.0ms)
  Rendered /home/haruka/.rvm/gems/ruby-2.2.1/gems/actionpack-4.2.4/lib/action_dispatch/middleware/templates/rescues/_request_and_response.html.erb (1.1ms)
  Rendered /home/haruka/.rvm/gems/ruby-2.2.1/gems/actionpack-4.2.4/lib/action_dispatch/middleware/templates/rescues/template_error.html.erb within rescues/layout (28.1ms)
  Rendered /home/haruka/.rvm/gems/ruby-2.2.1/gems/web-console-2.2.1/lib/web_console/templates/_markup.html.erb (0.3ms)
  Rendered /home/haruka/.rvm/gems/ruby-2.2.1/gems/web-console-2.2.1/lib/web_console/templates/_inner_console_markup.html.erb within layouts/inlined_string (0.3ms)
  Rendered /home/haruka/.rvm/gems/ruby-2.2.1/gems/web-console-2.2.1/lib/web_console/templates/_prompt_box_markup.html.erb within layouts/inlined_string (0.4ms)
  Rendered /home/haruka/.rvm/gems/ruby-2.2.1/gems/web-console-2.2.1/lib/web_console/templates/style.css.erb within layouts/inlined_string (0.5ms)
  Rendered /home/haruka/.rvm/gems/ruby-2.2.1/gems/web-console-2.2.1/lib/web_console/templates/console.js.erb within layouts/javascript (16.7ms)
  Rendered /home/haruka/.rvm/gems/ruby-2.2.1/gems/web-console-2.2.1/lib/web_console/templates/main.js.erb within layouts/javascript (0.4ms)
  Rendered /home/haruka/.rvm/gems/ruby-2.2.1/gems/web-console-2.2.1/lib/web_console/templates/error_page.js.erb within layouts/javascript (0.4ms)
  Rendered /home/haruka/.rvm/gems/ruby-2.2.1/gems/web-console-2.2.1/lib/web_console/templates/index.html.erb (34.9ms)


Started GET "/home/show" for ::1 at 2015-10-30 03:03:06 +0900
Processing by HomeController#show as HTML
  [1m[36mItem Load (0.6ms)[0m  [1mSELECT "items".* FROM "items"[0m
  Rendered home/show.html.erb within layouts/application (35.9ms)
Completed 500 Internal Server Error in 39ms (ActiveRecord: 0.9ms)

ActionView::Template::Error (undefined local variable or method `image' for #<#<Class:0x00000003a43de8>:0x00000003a31558>):
    24:         <%= i.f_name%>
    25:       </td>
    26:       <td>
    27:         <%= image_tag(url_for(:action => 'get_image', :id => image.id), :size => '100x100')%>
    28:       </td>
    29:     </tr>
    30:   <% end %>
  app/views/home/show.html.erb:27:in `block in _app_views_home_show_html_erb___1343041341060970811_30435040'
  app/views/home/show.html.erb:12:in `_app_views_home_show_html_erb___1343041341060970811_30435040'


  Rendered /home/haruka/.rvm/gems/ruby-2.2.1/gems/actionpack-4.2.4/lib/action_dispatch/middleware/templates/rescues/_source.erb (7.3ms)
  Rendered /home/haruka/.rvm/gems/ruby-2.2.1/gems/actionpack-4.2.4/lib/action_dispatch/middleware/templates/rescues/_trace.html.erb (5.2ms)
  Rendered /home/haruka/.rvm/gems/ruby-2.2.1/gems/actionpack-4.2.4/lib/action_dispatch/middleware/templates/rescues/_request_and_response.html.erb (1.1ms)
  Rendered /home/haruka/.rvm/gems/ruby-2.2.1/gems/actionpack-4.2.4/lib/action_dispatch/middleware/templates/rescues/template_error.html.erb within rescues/layout (27.4ms)
  Rendered /home/haruka/.rvm/gems/ruby-2.2.1/gems/web-console-2.2.1/lib/web_console/templates/_markup.html.erb (0.3ms)
  Rendered /home/haruka/.rvm/gems/ruby-2.2.1/gems/web-console-2.2.1/lib/web_console/templates/_inner_console_markup.html.erb within layouts/inlined_string (0.3ms)
  Rendered /home/haruka/.rvm/gems/ruby-2.2.1/gems/web-console-2.2.1/lib/web_console/templates/_prompt_box_markup.html.erb within layouts/inlined_string (0.6ms)
  Rendered /home/haruka/.rvm/gems/ruby-2.2.1/gems/web-console-2.2.1/lib/web_console/templates/style.css.erb within layouts/inlined_string (0.4ms)
  Rendered /home/haruka/.rvm/gems/ruby-2.2.1/gems/web-console-2.2.1/lib/web_console/templates/console.js.erb within layouts/javascript (22.9ms)
  Rendered /home/haruka/.rvm/gems/ruby-2.2.1/gems/web-console-2.2.1/lib/web_console/templates/main.js.erb within layouts/javascript (0.6ms)
  Rendered /home/haruka/.rvm/gems/ruby-2.2.1/gems/web-console-2.2.1/lib/web_console/templates/error_page.js.erb within layouts/javascript (0.5ms)
  Rendered /home/haruka/.rvm/gems/ruby-2.2.1/gems/web-console-2.2.1/lib/web_console/templates/index.html.erb (42.3ms)


Started GET "/home/show" for ::1 at 2015-10-30 03:03:32 +0900
Processing by HomeController#show as HTML
  [1m[35mItem Load (0.4ms)[0m  SELECT "items".* FROM "items"
  Rendered home/show.html.erb within layouts/application (4.9ms)
Completed 500 Internal Server Error in 7ms (ActiveRecord: 0.4ms)

ActionView::Template::Error (No route matches {:action=>"get_image", :controller=>"home", :id=>1}):
    24:         <%= i.f_name%>
    25:       </td>
    26:       <td>
    27:         <%= image_tag(url_for(:action => 'get_image', :id => i.id), :size => '100x100')%>
    28:       </td>
    29:     </tr>
    30:   <% end %>
  app/views/home/show.html.erb:27:in `block in _app_views_home_show_html_erb___1343041341060970811_70011125304300'
  app/views/home/show.html.erb:12:in `_app_views_home_show_html_erb___1343041341060970811_70011125304300'


  Rendered /home/haruka/.rvm/gems/ruby-2.2.1/gems/actionpack-4.2.4/lib/action_dispatch/middleware/templates/rescues/_source.erb (7.7ms)
  Rendered /home/haruka/.rvm/gems/ruby-2.2.1/gems/actionpack-4.2.4/lib/action_dispatch/middleware/templates/rescues/_trace.html.erb (4.1ms)
  Rendered /home/haruka/.rvm/gems/ruby-2.2.1/gems/actionpack-4.2.4/lib/action_dispatch/middleware/templates/rescues/_request_and_response.html.erb (1.3ms)
  Rendered /home/haruka/.rvm/gems/ruby-2.2.1/gems/actionpack-4.2.4/lib/action_dispatch/middleware/templates/rescues/template_error.html.erb within rescues/layout (27.6ms)
  Rendered /home/haruka/.rvm/gems/ruby-2.2.1/gems/web-console-2.2.1/lib/web_console/templates/_markup.html.erb (0.4ms)
  Rendered /home/haruka/.rvm/gems/ruby-2.2.1/gems/web-console-2.2.1/lib/web_console/templates/_inner_console_markup.html.erb within layouts/inlined_string (0.4ms)
  Rendered /home/haruka/.rvm/gems/ruby-2.2.1/gems/web-console-2.2.1/lib/web_console/templates/_prompt_box_markup.html.erb within layouts/inlined_string (0.6ms)
  Rendered /home/haruka/.rvm/gems/ruby-2.2.1/gems/web-console-2.2.1/lib/web_console/templates/style.css.erb within layouts/inlined_string (0.3ms)
  Rendered /home/haruka/.rvm/gems/ruby-2.2.1/gems/web-console-2.2.1/lib/web_console/templates/console.js.erb within layouts/javascript (17.0ms)
  Rendered /home/haruka/.rvm/gems/ruby-2.2.1/gems/web-console-2.2.1/lib/web_console/templates/main.js.erb within layouts/javascript (0.2ms)
  Rendered /home/haruka/.rvm/gems/ruby-2.2.1/gems/web-console-2.2.1/lib/web_console/templates/error_page.js.erb within layouts/javascript (0.4ms)
  Rendered /home/haruka/.rvm/gems/ruby-2.2.1/gems/web-console-2.2.1/lib/web_console/templates/index.html.erb (33.6ms)


Started GET "/home/show" for ::1 at 2015-10-30 03:04:58 +0900
Processing by HomeController#show as HTML
  [1m[36mItem Load (0.3ms)[0m  [1mSELECT "items".* FROM "items"[0m
  Rendered home/show.html.erb within layouts/application (2.7ms)
Completed 500 Internal Server Error in 5ms (ActiveRecord: 0.3ms)

ActionView::Template::Error (No route matches {:action=>"get_image", :controller=>"home", :id=>1}):
    24:         <%= i.f_name%>
    25:       </td>
    26:       <td>
    27:         <%= image_tag(url_for(:action => 'get_image', :id => i.id), :size => '100x100')%>
    28:       </td>
    29:     </tr>
    30:   <% end %>
  app/views/home/show.html.erb:27:in `block in _app_views_home_show_html_erb___1343041341060970811_70011125304300'
  app/views/home/show.html.erb:12:in `_app_views_home_show_html_erb___1343041341060970811_70011125304300'


  Rendered /home/haruka/.rvm/gems/ruby-2.2.1/gems/actionpack-4.2.4/lib/action_dispatch/middleware/templates/rescues/_source.erb (7.8ms)
  Rendered /home/haruka/.rvm/gems/ruby-2.2.1/gems/actionpack-4.2.4/lib/action_dispatch/middleware/templates/rescues/_trace.html.erb (3.8ms)
  Rendered /home/haruka/.rvm/gems/ruby-2.2.1/gems/actionpack-4.2.4/lib/action_dispatch/middleware/templates/rescues/_request_and_response.html.erb (1.0ms)
  Rendered /home/haruka/.rvm/gems/ruby-2.2.1/gems/actionpack-4.2.4/lib/action_dispatch/middleware/templates/rescues/template_error.html.erb within rescues/layout (26.3ms)
  Rendered /home/haruka/.rvm/gems/ruby-2.2.1/gems/web-console-2.2.1/lib/web_console/templates/_markup.html.erb (0.3ms)
  Rendered /home/haruka/.rvm/gems/ruby-2.2.1/gems/web-console-2.2.1/lib/web_console/templates/_inner_console_markup.html.erb within layouts/inlined_string (0.2ms)
  Rendered /home/haruka/.rvm/gems/ruby-2.2.1/gems/web-console-2.2.1/lib/web_console/templates/_prompt_box_markup.html.erb within layouts/inlined_string (0.3ms)
  Rendered /home/haruka/.rvm/gems/ruby-2.2.1/gems/web-console-2.2.1/lib/web_console/templates/style.css.erb within layouts/inlined_string (0.6ms)
  Rendered /home/haruka/.rvm/gems/ruby-2.2.1/gems/web-console-2.2.1/lib/web_console/templates/console.js.erb within layouts/javascript (15.8ms)
  Rendered /home/haruka/.rvm/gems/ruby-2.2.1/gems/web-console-2.2.1/lib/web_console/templates/main.js.erb within layouts/javascript (0.3ms)
  Rendered /home/haruka/.rvm/gems/ruby-2.2.1/gems/web-console-2.2.1/lib/web_console/templates/error_page.js.erb within layouts/javascript (0.4ms)
  Rendered /home/haruka/.rvm/gems/ruby-2.2.1/gems/web-console-2.2.1/lib/web_console/templates/index.html.erb (32.0ms)
